Using pre-set license
Built from '2020.3/release' branch; Version is '2020.3.15f2 (6cf78cb77498) revision 7141260'; Using compiler version '192528614'; Build Type 'Release'
OS: 'Windows 10 Home; OS build 19043.1288; Version 2009; 64bit' Language: 'ko' Physical Memory: 32639 MB
BatchMode: 1, IsHumanControllingUs: 0, StartBugReporterOnCrash: 0, Is64bit: 1, IsPro: 0

 COMMAND LINE ARGUMENTS:
C:\Program Files\Unity\Hub\Editor\2020.3.15f2\Editor\Unity.exe
-adb2
-batchMode
-noUpm
-name
AssetImportWorker0
-projectPath
C:/Users/dnjsw/OneDrive/문서/GitHub/CrowTale/CrowTale
-logFile
Logs/AssetImportWorker0.log
-srvPort
59331
Successfully changed project path to: C:/Users/dnjsw/OneDrive/문서/GitHub/CrowTale/CrowTale
C:/Users/dnjsw/OneDrive/문서/GitHub/CrowTale/CrowTale
Using Asset Import Pipeline V2.
Refreshing native plugins compatible for Editor in 45.25 ms, found 3 plugins.
Preloading 0 native plugins for Editor in 0.00 ms.
Initialize engine version: 2020.3.15f2 (6cf78cb77498)
[Subsystems] Discovering subsystems at path C:/Program Files/Unity/Hub/Editor/2020.3.15f2/Editor/Data/Resources/UnitySubsystems
[Subsystems] Discovering subsystems at path C:/Users/dnjsw/OneDrive/문서/GitHub/CrowTale/CrowTale/Assets
GfxDevice: creating device client; threaded=0
Direct3D:
    Version:  Direct3D 11.0 [level 11.1]
    Renderer: NVIDIA GeForce RTX 3080 (ID=0x2216)
    Vendor:   
    VRAM:     10078 MB
    Driver:   30.0.14.9613
Shader 'Universal Render Pipeline/Particles/Lit': fallback shader 'Universal Render Pipeline/Particles/SimpleLit' not found
Initialize mono
Mono path[0] = 'C:/Program Files/Unity/Hub/Editor/2020.3.15f2/Editor/Data/Managed'
Mono path[1] = 'C:/Program Files/Unity/Hub/Editor/2020.3.15f2/Editor/Data/MonoBleedingEdge/lib/mono/unityjit'
Mono config path = 'C:/Program Files/Unity/Hub/Editor/2020.3.15f2/Editor/Data/MonoBleedingEdge/etc'
Using monoOptions --debugger-agent=transport=dt_socket,embedding=1,server=y,suspend=n,address=127.0.0.1:56296
Begin MonoManager ReloadAssembly
Registering precompiled unity dll's ...
Register platform support module: C:/Program Files/Unity/Hub/Editor/2020.3.15f2/Editor/Data/PlaybackEngines/WindowsStandaloneSupport/UnityEditor.WindowsStandalone.Extensions.dll
Registered in 0.001615 seconds.
Native extension for WindowsStandalone target not found
Refreshing native plugins compatible for Editor in 42.89 ms, found 3 plugins.
Preloading 0 native plugins for Editor in 0.00 ms.
Mono: successfully reloaded assembly
- Completed reload, in  0.714 seconds
Domain Reload Profiling:
	ReloadAssembly (714ms)
		BeginReloadAssembly (39ms)
			ExecutionOrderSort (0ms)
			DisableScriptedObjects (0ms)
			BackupInstance (0ms)
			ReleaseScriptingObjects (0ms)
			CreateAndSetChildDomain (1ms)
		EndReloadAssembly (287ms)
			LoadAssemblies (37ms)
			RebuildTransferFunctionScriptingTraits (0ms)
			SetupTypeCache (91ms)
			ReleaseScriptCaches (0ms)
			RebuildScriptCaches (19ms)
			SetupLoadedEditorAssemblies (125ms)
				LogAssemblyErrors (0ms)
				InitializePlatformSupportModulesInManaged (3ms)
				SetLoadedEditorAssemblies (0ms)
				RefreshPlugins (43ms)
				BeforeProcessingInitializeOnLoad (9ms)
				ProcessInitializeOnLoadAttributes (52ms)
				ProcessInitializeOnLoadMethodAttributes (17ms)
				AfterProcessingInitializeOnLoad (0ms)
				EditorAssembliesLoaded (0ms)
			ExecutionOrderSort2 (0ms)
			AwakeInstancesAfterBackupRestoration (0ms)
Platform modules already initialized, skipping
Registering precompiled user dll's ...
Registered in 0.003621 seconds.
Begin MonoManager ReloadAssembly
Native extension for WindowsStandalone target not found
Refreshing native plugins compatible for Editor in 45.00 ms, found 3 plugins.
Preloading 0 native plugins for Editor in 0.00 ms.
Mono: successfully reloaded assembly
- Completed reload, in  0.865 seconds
Domain Reload Profiling:
	ReloadAssembly (865ms)
		BeginReloadAssembly (93ms)
			ExecutionOrderSort (0ms)
			DisableScriptedObjects (3ms)
			BackupInstance (0ms)
			ReleaseScriptingObjects (0ms)
			CreateAndSetChildDomain (13ms)
		EndReloadAssembly (732ms)
			LoadAssemblies (71ms)
			RebuildTransferFunctionScriptingTraits (0ms)
			SetupTypeCache (200ms)
			ReleaseScriptCaches (0ms)
			RebuildScriptCaches (36ms)
			SetupLoadedEditorAssemblies (344ms)
				LogAssemblyErrors (0ms)
				InitializePlatformSupportModulesInManaged (3ms)
				SetLoadedEditorAssemblies (0ms)
				RefreshPlugins (45ms)
				BeforeProcessingInitializeOnLoad (72ms)
				ProcessInitializeOnLoadAttributes (209ms)
				ProcessInitializeOnLoadMethodAttributes (10ms)
				AfterProcessingInitializeOnLoad (4ms)
				EditorAssembliesLoaded (0ms)
			ExecutionOrderSort2 (0ms)
			AwakeInstancesAfterBackupRestoration (4ms)
Platform modules already initialized, skipping
========================================================================
Worker process is ready to serve import requests
Shader 'Universal Render Pipeline/Particles/Lit': fallback shader 'Universal Render Pipeline/Particles/SimpleLit' not found
Launched and connected shader compiler UnityShaderCompiler.exe after 0.04 seconds
Refreshing native plugins compatible for Editor in 0.48 ms, found 3 plugins.
Preloading 0 native plugins for Editor in 0.00 ms.
Unloading 3283 Unused Serialized files (Serialized files now loaded: 0)
System memory in use before: 143.9 MB.
System memory in use after: 144.0 MB.

Unloading 34 unused Assets to reduce memory usage. Loaded Objects now: 3719.
Total: 2.021000 ms (FindLiveObjects: 0.206100 ms CreateObjectMapping: 0.084000 ms MarkObjects: 1.605100 ms  DeleteObjects: 0.125100 ms)

AssetImportParameters requested are different than current active one (requested -> active):
  custom:framework-win-MediaFoundation: 216162199b28c13a410421893ffa2e32 -> 
  custom:video-decoder-ogg-theora: a1e56fd34408186e4bbccfd4996cb3dc -> 
  custom:container-muxer-webm: aa71ff27fc2769a1b78a27578f13a17b -> 
  custom:container-demuxer-webm: 4f35f7cbe854078d1ac9338744f61a02 -> 
  custom:container-demuxer-ogg: 62fdf1f143b41e24485cea50d1cbac27 -> 
  custom:video-encoder-webm-vp8: eb34c28f22e8b96e1ab97ce403110664 -> 
  custom:video-decoder-webm-vp8: 9c59270c3fd7afecdb556c50c9e8de78 -> 
  custom:audio-decoder-ogg-vorbis: bf7c407c2cedff20999df2af8eb42d56 -> 
  custom:audio-encoder-webm-vorbis: bf7c407c2cedff20999df2af8eb42d56 -> 
========================================================================
Received Import Request.
  path: Assets/Others/Tilemaps/decoration_stone4.asset
  artifactKey: Guid(7808d93907d1dcd41b46773718d72f86) Importer(815301076,1909f56bfc062723c751e8b465ee728b)
Start importing Assets/Others/Tilemaps/decoration_stone4.asset using Guid(7808d93907d1dcd41b46773718d72f86) Importer(815301076,1909f56bfc062723c751e8b465ee728b)  -> (artifact id: '4d665b4d264c299ebab58b5b3bd5b98e') in 0.059573 seconds 
  Import took 0.063771 seconds .

========================================================================
Received Import Request.
  Time since last request: 0.000266 seconds.
  path: Assets/Others/Tilemaps/struct_tree_21.asset
  artifactKey: Guid(2be2f41ef63534b47af7ebdebd7c0e2f) Importer(815301076,1909f56bfc062723c751e8b465ee728b)
Start importing Assets/Others/Tilemaps/struct_tree_21.asset using Guid(2be2f41ef63534b47af7ebdebd7c0e2f) Importer(815301076,1909f56bfc062723c751e8b465ee728b)  -> (artifact id: 'eef205fbaface82f6c176f62d50335c4') in 0.009491 seconds 
  Import took 0.013943 seconds .

========================================================================
Received Import Request.
  Time since last request: 0.000309 seconds.
  path: Assets/Others/Tilemaps/Physics Material 2D.physicsMaterial2D
  artifactKey: Guid(36aa6c2d85074534b88b93a4305fd817) Importer(815301076,1909f56bfc062723c751e8b465ee728b)
Start importing Assets/Others/Tilemaps/Physics Material 2D.physicsMaterial2D using Guid(36aa6c2d85074534b88b93a4305fd817) Importer(815301076,1909f56bfc062723c751e8b465ee728b)  -> (artifact id: '3c295065fb58f4653f6868c1d51e354e') in 0.007511 seconds 
  Import took 0.011570 seconds .

========================================================================
Received Import Request.
  Time since last request: 0.000229 seconds.
  path: Assets/Others/Tilemaps/struct_tree_12.asset
  artifactKey: Guid(0b604fc13e1902449a9dff24292a5262) Importer(815301076,1909f56bfc062723c751e8b465ee728b)
Start importing Assets/Others/Tilemaps/struct_tree_12.asset using Guid(0b604fc13e1902449a9dff24292a5262) Importer(815301076,1909f56bfc062723c751e8b465ee728b)  -> (artifact id: '29960d98c6c3bf2e78534a2873003734') in 0.010946 seconds 
  Import took 0.015181 seconds .

========================================================================
Received Import Request.
  Time since last request: 0.000214 seconds.
  path: Assets/Others/Renderers/UniversalRenderPipelineAsset_Renderer.asset
  artifactKey: Guid(15f86b31adfc5ff469d3455533da8014) Importer(815301076,1909f56bfc062723c751e8b465ee728b)
Start importing Assets/Others/Renderers/UniversalRenderPipelineAsset_Renderer.asset using Guid(15f86b31adfc5ff469d3455533da8014) Importer(815301076,1909f56bfc062723c751e8b465ee728b)  -> (artifact id: '602af1bb54742c111824644f659e5f08') in 0.007319 seconds 
  Import took 0.011598 seconds .

========================================================================
Received Import Request.
  Time since last request: 0.000206 seconds.
  path: Assets/Others/Tilemaps/decoration_stone3.asset
  artifactKey: Guid(a98d94605b850904ca925180fc1c0c36) Importer(815301076,1909f56bfc062723c751e8b465ee728b)
Start importing Assets/Others/Tilemaps/decoration_stone3.asset using Guid(a98d94605b850904ca925180fc1c0c36) Importer(815301076,1909f56bfc062723c751e8b465ee728b)  -> (artifact id: '8926c138c3472112aeae3cde0301ecce') in 0.011408 seconds 
  Import took 0.015675 seconds .

========================================================================
Received Import Request.
  Time since last request: 0.000214 seconds.
  path: Assets/Others/Tilemaps/struct_tree_26.asset
  artifactKey: Guid(2b44aaebcd231d044b9795be9186c9be) Importer(815301076,1909f56bfc062723c751e8b465ee728b)
Start importing Assets/Others/Tilemaps/struct_tree_26.asset using Guid(2b44aaebcd231d044b9795be9186c9be) Importer(815301076,1909f56bfc062723c751e8b465ee728b)  -> (artifact id: '4e64c00bd49cab0bbd57a3596db3babf') in 0.008637 seconds 
  Import took 0.012948 seconds .

========================================================================
Received Import Request.
  Time since last request: 0.000193 seconds.
  path: Assets/Others/Tilemaps/Ground Platform Palette.prefab
  artifactKey: Guid(84d6780846c8c044c804e37d0f03ae03) Importer(815301076,1909f56bfc062723c751e8b465ee728b)
Start importing Assets/Others/Tilemaps/Ground Platform Palette.prefab using Guid(84d6780846c8c044c804e37d0f03ae03) Importer(815301076,1909f56bfc062723c751e8b465ee728b)  -> (artifact id: '95637cf33f875f89ce2feead4874ca48') in 0.106077 seconds 
  Import took 0.110269 seconds .

========================================================================
Received Import Request.
  Time since last request: 0.000148 seconds.
  path: Assets/Others/Tilemaps/struct_tree_2.asset
  artifactKey: Guid(130f5ff17480d924a93d57cdeaa6cac0) Importer(815301076,1909f56bfc062723c751e8b465ee728b)
Start importing Assets/Others/Tilemaps/struct_tree_2.asset using Guid(130f5ff17480d924a93d57cdeaa6cac0) Importer(815301076,1909f56bfc062723c751e8b465ee728b)  -> (artifact id: '8a9808f8c81d6a3f86fbd0b223f48280') in 0.009743 seconds 
  Import took 0.013843 seconds .

========================================================================
Received Import Request.
  Time since last request: 0.000182 seconds.
  path: Assets/Others/Tilemaps/struct_tree_9.asset
  artifactKey: Guid(459de45298b85024cb63287d075aa6e6) Importer(815301076,1909f56bfc062723c751e8b465ee728b)
Start importing Assets/Others/Tilemaps/struct_tree_9.asset using Guid(459de45298b85024cb63287d075aa6e6) Importer(815301076,1909f56bfc062723c751e8b465ee728b)  -> (artifact id: '26bf5ced33c6fd8f4f87545509bc095f') in 0.009257 seconds 
  Import took 0.013667 seconds .

========================================================================
Received Import Request.
  Time since last request: 0.000211 seconds.
  path: Assets/Others/Tilemaps/decoration_grass4.asset
  artifactKey: Guid(2daca71e8eb52ca43bb697f1a3422d4a) Importer(815301076,1909f56bfc062723c751e8b465ee728b)
Start importing Assets/Others/Tilemaps/decoration_grass4.asset using Guid(2daca71e8eb52ca43bb697f1a3422d4a) Importer(815301076,1909f56bfc062723c751e8b465ee728b)  -> (artifact id: 'b0a3acc08e0dc42ed678a278e1ea92be') in 0.009530 seconds 
  Import took 0.014125 seconds .

========================================================================
Received Import Request.
  Time since last request: 0.000247 seconds.
  path: Assets/Others/Tilemaps/decoration_stone2.asset
  artifactKey: Guid(a3c372315966c4941b5117a5c74d309e) Importer(815301076,1909f56bfc062723c751e8b465ee728b)
Start importing Assets/Others/Tilemaps/decoration_stone2.asset using Guid(a3c372315966c4941b5117a5c74d309e) Importer(815301076,1909f56bfc062723c751e8b465ee728b)  -> (artifact id: '5914f9b890cc90f54651a7351b471010') in 0.008825 seconds 
  Import took 0.013166 seconds .

========================================================================
Received Import Request.
  Time since last request: 0.000338 seconds.
  path: Assets/Others/Tilemaps/struct_tree_7.asset
  artifactKey: Guid(a2a72a4f6d176af479a1ae01c5d0516b) Importer(815301076,1909f56bfc062723c751e8b465ee728b)
Start importing Assets/Others/Tilemaps/struct_tree_7.asset using Guid(a2a72a4f6d176af479a1ae01c5d0516b) Importer(815301076,1909f56bfc062723c751e8b465ee728b)  -> (artifact id: '4f10025b738b452c570e27bc4baa0749') in 0.009527 seconds 
  Import took 0.013700 seconds .

========================================================================
Received Import Request.
  Time since last request: 0.000277 seconds.
  path: Assets/Others/Shaders/Fedder.mat
  artifactKey: Guid(41ba19597b6b2194d80a1491d2ef2eae) Importer(815301076,1909f56bfc062723c751e8b465ee728b)
Start importing Assets/Others/Shaders/Fedder.mat using Guid(41ba19597b6b2194d80a1491d2ef2eae) Importer(815301076,1909f56bfc062723c751e8b465ee728b)  -> (artifact id: '957ee790106831d6d627fd089efdfbc4') in 0.034221 seconds 
  Import took 0.038637 seconds .

========================================================================
Received Import Request.
  Time since last request: 0.000208 seconds.
  path: Assets/Others/Tilemaps/struct_tree_8.asset
  artifactKey: Guid(d68f4c3b2f35fb04bba24534b9b48443) Importer(815301076,1909f56bfc062723c751e8b465ee728b)
Start importing Assets/Others/Tilemaps/struct_tree_8.asset using Guid(d68f4c3b2f35fb04bba24534b9b48443) Importer(815301076,1909f56bfc062723c751e8b465ee728b)  -> (artifact id: '254812e9653868a4e58af098d4dd4394') in 0.013388 seconds 
  Import took 0.017456 seconds .

========================================================================
Received Import Request.
  Time since last request: 0.000284 seconds.
  path: Assets/Others/Tilemaps/struct_tree_10.asset
  artifactKey: Guid(0b3ea45130a21d547806925b860b24bd) Importer(815301076,1909f56bfc062723c751e8b465ee728b)
Start importing Assets/Others/Tilemaps/struct_tree_10.asset using Guid(0b3ea45130a21d547806925b860b24bd) Importer(815301076,1909f56bfc062723c751e8b465ee728b)  -> (artifact id: '0964b17d00f445635727af580cee7743') in 0.011557 seconds 
  Import took 0.015662 seconds .

========================================================================
Received Import Request.
  Time since last request: 0.000276 seconds.
  path: Assets/Others/Shaders/Wind2.mat
  artifactKey: Guid(15ff53ebeb55318449dd7f415a4ac91a) Importer(815301076,1909f56bfc062723c751e8b465ee728b)
Start importing Assets/Others/Shaders/Wind2.mat using Guid(15ff53ebeb55318449dd7f415a4ac91a) Importer(815301076,1909f56bfc062723c751e8b465ee728b)  -> (artifact id: '688db95bf6c128ed20134393e6589b36') in 0.017463 seconds 
  Import took 0.021431 seconds .

========================================================================
Received Import Request.
  Time since last request: 0.000202 seconds.
  path: Assets/Others/Tilemaps/struct_tree_17.asset
  artifactKey: Guid(44a28bd0914e10d4bb27d2918cdd97bd) Importer(815301076,1909f56bfc062723c751e8b465ee728b)
Start importing Assets/Others/Tilemaps/struct_tree_17.asset using Guid(44a28bd0914e10d4bb27d2918cdd97bd) Importer(815301076,1909f56bfc062723c751e8b465ee728b)  -> (artifact id: '03ff005cd5ae877a4befbc4bd4bc93cc') in 0.009219 seconds 
  Import took 0.013639 seconds .

========================================================================
Received Import Request.
  Time since last request: 0.000322 seconds.
  path: Assets/Others/Tilemaps/struct_tree_11.asset
  artifactKey: Guid(8dfe047c3ebd9bd4eb1b0e6a22908848) Importer(815301076,1909f56bfc062723c751e8b465ee728b)
Start importing Assets/Others/Tilemaps/struct_tree_11.asset using Guid(8dfe047c3ebd9bd4eb1b0e6a22908848) Importer(815301076,1909f56bfc062723c751e8b465ee728b)  -> (artifact id: 'aa5bee1265ab84eb4263ca1427093956') in 0.019203 seconds 
  Import took 0.023606 seconds .

========================================================================
Received Import Request.
  Time since last request: 0.000177 seconds.
  path: Assets/Others/Tilemaps/struct_tree_24.asset
  artifactKey: Guid(fbfda8c9d2b447b42a679ffe7ec97342) Importer(815301076,1909f56bfc062723c751e8b465ee728b)
Start importing Assets/Others/Tilemaps/struct_tree_24.asset using Guid(fbfda8c9d2b447b42a679ffe7ec97342) Importer(815301076,1909f56bfc062723c751e8b465ee728b)  -> (artifact id: '0d2733c3b1e47fc644368304db07024d') in 0.009392 seconds 
  Import took 0.013826 seconds .

========================================================================
Received Import Request.
  Time since last request: 0.000276 seconds.
  path: Assets/Others/Renderers/Default 2D Renderer Data.asset
  artifactKey: Guid(5da5dbd4a9836534082e4c0bcbfbe570) Importer(815301076,1909f56bfc062723c751e8b465ee728b)
Start importing Assets/Others/Renderers/Default 2D Renderer Data.asset using Guid(5da5dbd4a9836534082e4c0bcbfbe570) Importer(815301076,1909f56bfc062723c751e8b465ee728b)  -> (artifact id: '0dd4fc83661311bfb4f951811daaa431') in 0.006062 seconds 
  Import took 0.009967 seconds .

========================================================================
Received Import Request.
  Time since last request: 0.000229 seconds.
  path: Assets/Others/Tilemaps/struct_tree_3.asset
  artifactKey: Guid(0f6ace86d43b5324aa1caddac9652746) Importer(815301076,1909f56bfc062723c751e8b465ee728b)
Start importing Assets/Others/Tilemaps/struct_tree_3.asset using Guid(0f6ace86d43b5324aa1caddac9652746) Importer(815301076,1909f56bfc062723c751e8b465ee728b)  -> (artifact id: '37b5966c0b86c9e3120cd5176e7c7f83') in 0.010457 seconds 
  Import took 0.014763 seconds .

========================================================================
Received Import Request.
  Time since last request: 0.000247 seconds.
  path: Assets/Others/Tilemaps/Cannon.prefab
  artifactKey: Guid(0d42df2a5b8485346a99af466619d51b) Importer(815301076,1909f56bfc062723c751e8b465ee728b)
Start importing Assets/Others/Tilemaps/Cannon.prefab using Guid(0d42df2a5b8485346a99af466619d51b) Importer(815301076,1909f56bfc062723c751e8b465ee728b)  -> (artifact id: 'e2b07fc8fdeb82ece522d9ed614811f8') in 0.012628 seconds 
  Import took 0.016808 seconds .

========================================================================
Received Import Request.
  Time since last request: 0.000317 seconds.
  path: Assets/Others/Tilemaps/Decoration Palette.prefab
  artifactKey: Guid(219614f4101725b4c9f6394707fce04b) Importer(815301076,1909f56bfc062723c751e8b465ee728b)
Start importing Assets/Others/Tilemaps/Decoration Palette.prefab using Guid(219614f4101725b4c9f6394707fce04b) Importer(815301076,1909f56bfc062723c751e8b465ee728b)  -> (artifact id: '8e155650516780a958656856325e7788') in 0.012257 seconds 
  Import took 0.016988 seconds .

========================================================================
Received Import Request.
  Time since last request: 0.000238 seconds.
  path: Assets/Others/Tilemaps/struct_tree_20.asset
  artifactKey: Guid(b6d5b3e9f5ff5cc42b01bde8ff4dc44c) Importer(815301076,1909f56bfc062723c751e8b465ee728b)
Start importing Assets/Others/Tilemaps/struct_tree_20.asset using Guid(b6d5b3e9f5ff5cc42b01bde8ff4dc44c) Importer(815301076,1909f56bfc062723c751e8b465ee728b)  -> (artifact id: '731c17cc314d7b8b335031e8e329597d') in 0.011256 seconds 
  Import took 0.015477 seconds .

========================================================================
Received Import Request.
  Time since last request: 0.000212 seconds.
  path: Assets/Others/Font/neodgm.ttf
  artifactKey: Guid(5b9eb74a173388e4f90953989bc2504e) Importer(815301076,1909f56bfc062723c751e8b465ee728b)
Start importing Assets/Others/Font/neodgm.ttf using Guid(5b9eb74a173388e4f90953989bc2504e) Importer(815301076,1909f56bfc062723c751e8b465ee728b)  -> (artifact id: 'ceae83cecfdf1558e51302d57de97f1f') in 0.042565 seconds 
  Import took 0.046772 seconds .

========================================================================
Received Import Request.
  Time since last request: 0.000210 seconds.
  path: Assets/Others/Tilemaps/struct_tree_6.asset
  artifactKey: Guid(313d36f7088120744aafce99e988dcc8) Importer(815301076,1909f56bfc062723c751e8b465ee728b)
Start importing Assets/Others/Tilemaps/struct_tree_6.asset using Guid(313d36f7088120744aafce99e988dcc8) Importer(815301076,1909f56bfc062723c751e8b465ee728b)  -> (artifact id: '177b74f67dc9113ae57ae07d0f829fff') in 0.010153 seconds 
  Import took 0.014278 seconds .

========================================================================
Received Import Request.
  Time since last request: 0.000281 seconds.
  path: Assets/Others/Tilemaps/New Rule Tile.asset
  artifactKey: Guid(5e4531971dad885459433c6d809b248c) Importer(815301076,1909f56bfc062723c751e8b465ee728b)
Start importing Assets/Others/Tilemaps/New Rule Tile.asset using Guid(5e4531971dad885459433c6d809b248c) Importer(815301076,1909f56bfc062723c751e8b465ee728b)  -> (artifact id: '02997540de64aac1d600692b12e97be4') in 0.016524 seconds 
  Import took 0.021334 seconds .

========================================================================
Received Import Request.
  Time since last request: 0.000198 seconds.
  path: Assets/Others/Tilemaps/decoration_grass2.asset
  artifactKey: Guid(3d197b2188d96604ea04ce5e53f17df6) Importer(815301076,1909f56bfc062723c751e8b465ee728b)
Start importing Assets/Others/Tilemaps/decoration_grass2.asset using Guid(3d197b2188d96604ea04ce5e53f17df6) Importer(815301076,1909f56bfc062723c751e8b465ee728b)  -> (artifact id: '243c29f2d90b7a5d57b3cfaae184e63a') in 0.008943 seconds 
  Import took 0.013827 seconds .

========================================================================
Received Import Request.
  Time since last request: 0.000180 seconds.
  path: Assets/Others/Tilemaps/struct_tree_22.asset
  artifactKey: Guid(597268d164a36174cbb857e6ee742411) Importer(815301076,1909f56bfc062723c751e8b465ee728b)
Start importing Assets/Others/Tilemaps/struct_tree_22.asset using Guid(597268d164a36174cbb857e6ee742411) Importer(815301076,1909f56bfc062723c751e8b465ee728b)  -> (artifact id: 'dc496adfc30759e020db5b0b2791171d') in 0.009588 seconds 
  Import took 0.014547 seconds .

========================================================================
Received Import Request.
  Time since last request: 0.000182 seconds.
  path: Assets/Others/Tilemaps/struct_tree_1.asset
  artifactKey: Guid(58b97bceb150e5b48a9d632169214ece) Importer(815301076,1909f56bfc062723c751e8b465ee728b)
Start importing Assets/Others/Tilemaps/struct_tree_1.asset using Guid(58b97bceb150e5b48a9d632169214ece) Importer(815301076,1909f56bfc062723c751e8b465ee728b)  -> (artifact id: '901455680f2b0f5e812029500c7a0ada') in 0.008911 seconds 
  Import took 0.013438 seconds .

========================================================================
Received Import Request.
  Time since last request: 0.000173 seconds.
  path: Assets/Others/Shaders/Player.mat
  artifactKey: Guid(65f2c17c775be9c40ac85dceed083f32) Importer(815301076,1909f56bfc062723c751e8b465ee728b)
Start importing Assets/Others/Shaders/Player.mat using Guid(65f2c17c775be9c40ac85dceed083f32) Importer(815301076,1909f56bfc062723c751e8b465ee728b)  -> (artifact id: '087fc71dd1aa47dbd4099122e9591ec5') in 0.021910 seconds 
  Import took 0.026491 seconds .

========================================================================
Received Import Request.
  Time since last request: 0.000198 seconds.
  path: Assets/Others/Tilemaps/struct_tree_16.asset
  artifactKey: Guid(a321a4b0bf6c21c43b0f30030bb13d26) Importer(815301076,1909f56bfc062723c751e8b465ee728b)
Start importing Assets/Others/Tilemaps/struct_tree_16.asset using Guid(a321a4b0bf6c21c43b0f30030bb13d26) Importer(815301076,1909f56bfc062723c751e8b465ee728b)  -> (artifact id: '9e450ba0c29763dc895345d4fe99eeb5') in 0.009163 seconds 
  Import took 0.013461 seconds .

========================================================================
Received Import Request.
  Time since last request: 0.000149 seconds.
  path: Assets/Others/Tilemaps/struct_tree_5.asset
  artifactKey: Guid(7a0c82ad6e3c3194088393a894678da5) Importer(815301076,1909f56bfc062723c751e8b465ee728b)
Start importing Assets/Others/Tilemaps/struct_tree_5.asset using Guid(7a0c82ad6e3c3194088393a894678da5) Importer(815301076,1909f56bfc062723c751e8b465ee728b)  -> (artifact id: '0cd2cef9542395b4fffe7fc2e0c19e17') in 0.008733 seconds 
  Import took 0.013090 seconds .

========================================================================
Received Import Request.
  Time since last request: 0.000155 seconds.
  path: Assets/Others/Tilemaps/struct_tree_13.asset
  artifactKey: Guid(3a7b6143a6089834a823ce4f10066ec6) Importer(815301076,1909f56bfc062723c751e8b465ee728b)
Start importing Assets/Others/Tilemaps/struct_tree_13.asset using Guid(3a7b6143a6089834a823ce4f10066ec6) Importer(815301076,1909f56bfc062723c751e8b465ee728b)  -> (artifact id: '11a176a187aa967c3dbc527a3c6b53f5') in 0.008408 seconds 
  Import took 0.012532 seconds .

========================================================================
Received Import Request.
  Time since last request: 0.000149 seconds.
  path: Assets/Others/Renderers/UniversalRenderPipelineAsset.asset
  artifactKey: Guid(cf784d235eccc4549b8f251909ba1383) Importer(815301076,1909f56bfc062723c751e8b465ee728b)
Start importing Assets/Others/Renderers/UniversalRenderPipelineAsset.asset using Guid(cf784d235eccc4549b8f251909ba1383) Importer(815301076,1909f56bfc062723c751e8b465ee728b)  -> (artifact id: 'a3838d2cd835ab45fad30cf04bc6a463') in 0.006826 seconds 
  Import took 0.010935 seconds .

========================================================================
Received Import Request.
  Time since last request: 0.000143 seconds.
  path: Assets/Others/Tilemaps/struct_tree_4.asset
  artifactKey: Guid(1120c89164a3b3e48821b34c73c3f69d) Importer(815301076,1909f56bfc062723c751e8b465ee728b)
Start importing Assets/Others/Tilemaps/struct_tree_4.asset using Guid(1120c89164a3b3e48821b34c73c3f69d) Importer(815301076,1909f56bfc062723c751e8b465ee728b)  -> (artifact id: 'a487718988f06eb95850a1737f6e309c') in 0.008994 seconds 
  Import took 0.013107 seconds .

========================================================================
Received Import Request.
  Time since last request: 0.000179 seconds.
  path: Assets/Others/Tilemaps/struct_tree_18.asset
  artifactKey: Guid(0e876d3dce0214a409d59d075748f8a5) Importer(815301076,1909f56bfc062723c751e8b465ee728b)
Start importing Assets/Others/Tilemaps/struct_tree_18.asset using Guid(0e876d3dce0214a409d59d075748f8a5) Importer(815301076,1909f56bfc062723c751e8b465ee728b)  -> (artifact id: '11c17a71032dee51bcc50e8387925891') in 0.009849 seconds 
  Import took 0.013954 seconds .

========================================================================
Received Import Request.
  Time since last request: 0.000217 seconds.
  path: Assets/Others/Tilemaps/decoration_grass3.asset
  artifactKey: Guid(8d67a265ca4a28047bd4510cc77b1dec) Importer(815301076,1909f56bfc062723c751e8b465ee728b)
Start importing Assets/Others/Tilemaps/decoration_grass3.asset using Guid(8d67a265ca4a28047bd4510cc77b1dec) Importer(815301076,1909f56bfc062723c751e8b465ee728b)  -> (artifact id: 'c3528a9f817624cdbaf166a64341d40e') in 0.008332 seconds 
  Import took 0.012504 seconds .

========================================================================
Received Import Request.
  Time since last request: 0.000184 seconds.
  path: Assets/Others/Tilemaps/struct_tree_25.asset
  artifactKey: Guid(3ef24b4dd5f623c4dbe2fcd0c5ab1270) Importer(815301076,1909f56bfc062723c751e8b465ee728b)
Start importing Assets/Others/Tilemaps/struct_tree_25.asset using Guid(3ef24b4dd5f623c4dbe2fcd0c5ab1270) Importer(815301076,1909f56bfc062723c751e8b465ee728b)  -> (artifact id: '0a6048700533288d6bd44dd92958a924') in 0.011477 seconds 
  Import took 0.015713 seconds .

========================================================================
Received Import Request.
  Time since last request: 0.000184 seconds.
  path: Assets/Others/Shaders/Wind1.mat
  artifactKey: Guid(1ca9c698f6a9d0645978c4b8c638d260) Importer(815301076,1909f56bfc062723c751e8b465ee728b)
Start importing Assets/Others/Shaders/Wind1.mat using Guid(1ca9c698f6a9d0645978c4b8c638d260) Importer(815301076,1909f56bfc062723c751e8b465ee728b)  -> (artifact id: '9786335bfcac270316dd080aeb12b772') in 0.010891 seconds 
  Import took 0.015069 seconds .

========================================================================
Received Import Request.
  Time since last request: 0.000190 seconds.
  path: Assets/Others/Font/munro.ttf
  artifactKey: Guid(1cd451db53e0b0e45b1966b32af3e8b6) Importer(815301076,1909f56bfc062723c751e8b465ee728b)
Start importing Assets/Others/Font/munro.ttf using Guid(1cd451db53e0b0e45b1966b32af3e8b6) Importer(815301076,1909f56bfc062723c751e8b465ee728b)  -> (artifact id: '18f6efacee82c84de11da1f2d7d4da18') in 0.013480 seconds 
  Import took 0.017791 seconds .

========================================================================
Received Import Request.
  Time since last request: 0.000157 seconds.
  path: Assets/Others/Tilemaps/Decoration Palette 2.prefab
  artifactKey: Guid(874bb47d4326a384c94f6fa6437b5131) Importer(815301076,1909f56bfc062723c751e8b465ee728b)
Start importing Assets/Others/Tilemaps/Decoration Palette 2.prefab using Guid(874bb47d4326a384c94f6fa6437b5131) Importer(815301076,1909f56bfc062723c751e8b465ee728b)  -> (artifact id: '7fac2e2acf7f6d269426dd3963dba3de') in 0.011786 seconds 
  Import took 0.016645 seconds .

========================================================================
Received Import Request.
  Time since last request: 0.000174 seconds.
  path: Assets/Others/Tilemaps/struct_tree_15.asset
  artifactKey: Guid(e0d25316eb240d140972df5abf462a23) Importer(815301076,1909f56bfc062723c751e8b465ee728b)
Start importing Assets/Others/Tilemaps/struct_tree_15.asset using Guid(e0d25316eb240d140972df5abf462a23) Importer(815301076,1909f56bfc062723c751e8b465ee728b)  -> (artifact id: 'f486ee2b129b284b17b35acda9e33f64') in 0.009267 seconds 
  Import took 0.013684 seconds .

========================================================================
Received Import Request.
  Time since last request: 0.000151 seconds.
  path: Assets/Others/Tilemaps/decoration_grass1.asset
  artifactKey: Guid(1dfce7208590ffc47a5f4eabb841798e) Importer(815301076,1909f56bfc062723c751e8b465ee728b)
Start importing Assets/Others/Tilemaps/decoration_grass1.asset using Guid(1dfce7208590ffc47a5f4eabb841798e) Importer(815301076,1909f56bfc062723c751e8b465ee728b)  -> (artifact id: '58645f5d49b198d9343ce80528887943') in 0.010952 seconds 
  Import took 0.015298 seconds .

========================================================================
Received Import Request.
  Time since last request: 0.000196 seconds.
  path: Assets/Others/Tilemaps/struct_tree_19.asset
  artifactKey: Guid(87656c00dd8b027439d7dc4881b64244) Importer(815301076,1909f56bfc062723c751e8b465ee728b)
Start importing Assets/Others/Tilemaps/struct_tree_19.asset using Guid(87656c00dd8b027439d7dc4881b64244) Importer(815301076,1909f56bfc062723c751e8b465ee728b)  -> (artifact id: 'a80898049a51aaddbfe0cb229044cf3a') in 0.013188 seconds 
  Import took 0.017487 seconds .

========================================================================
Received Import Request.
  Time since last request: 0.000302 seconds.
  path: Assets/Others/Tilemaps/struct_tree_23.asset
  artifactKey: Guid(8194562d814862748b4b9adc74888e56) Importer(815301076,1909f56bfc062723c751e8b465ee728b)
Start importing Assets/Others/Tilemaps/struct_tree_23.asset using Guid(8194562d814862748b4b9adc74888e56) Importer(815301076,1909f56bfc062723c751e8b465ee728b)  -> (artifact id: '5d1c09a47a07a364fdf4646f476fb724') in 0.014002 seconds 
  Import took 0.018445 seconds .

========================================================================
Received Import Request.
  Time since last request: 0.000184 seconds.
  path: Assets/Others/Tilemaps/decoration_stone1.asset
  artifactKey: Guid(75aceadff2e18cb43ac7e1719bffc77b) Importer(815301076,1909f56bfc062723c751e8b465ee728b)
Start importing Assets/Others/Tilemaps/decoration_stone1.asset using Guid(75aceadff2e18cb43ac7e1719bffc77b) Importer(815301076,1909f56bfc062723c751e8b465ee728b)  -> (artifact id: '5431c24aeeddb0f31d53fc7545bc031e') in 0.009529 seconds 
  Import took 0.013980 seconds .

========================================================================
Received Import Request.
  Time since last request: 0.000147 seconds.
  path: Assets/Others/Tilemaps/struct_tree_0.asset
  artifactKey: Guid(8b521254a4b97524a82f9370e2147b0e) Importer(815301076,1909f56bfc062723c751e8b465ee728b)
Start importing Assets/Others/Tilemaps/struct_tree_0.asset using Guid(8b521254a4b97524a82f9370e2147b0e) Importer(815301076,1909f56bfc062723c751e8b465ee728b)  -> (artifact id: '8b4efb56bb317a52755aa7ea34c28bd5') in 0.012023 seconds 
  Import took 0.016743 seconds .

========================================================================
Received Import Request.
  Time since last request: 0.000240 seconds.
  path: Assets/Others/Tilemaps/struct_tree_14.asset
  artifactKey: Guid(b267bb588ff30d34ca7d0ab9c09df364) Importer(815301076,1909f56bfc062723c751e8b465ee728b)
Start importing Assets/Others/Tilemaps/struct_tree_14.asset using Guid(b267bb588ff30d34ca7d0ab9c09df364) Importer(815301076,1909f56bfc062723c751e8b465ee728b)  -> (artifact id: '1652835f3c8497da58d39169f0b77e5e') in 0.012952 seconds 
  Import took 0.017092 seconds .

========================================================================
Received Import Request.
  Time since last request: 7.530495 seconds.
  path: Assets/Others/Tilemaps/struct_tree_27.asset
  artifactKey: Guid(bd0214b21b4ed844881d213235961664) Importer(815301076,1909f56bfc062723c751e8b465ee728b)
Start importing Assets/Others/Tilemaps/struct_tree_27.asset using Guid(bd0214b21b4ed844881d213235961664) Importer(815301076,1909f56bfc062723c751e8b465ee728b)  -> (artifact id: '49590a907595d3ac7a3df23237394b6d') in 0.011871 seconds 
  Import took 0.016790 seconds .

========================================================================
Received Import Request.
  Time since last request: 10.224978 seconds.
  path: Assets/Others/Tilemaps/Cannon Palette.prefab
  artifactKey: Guid(0d1b3f093d01a204396580078752b49b) Importer(815301076,1909f56bfc062723c751e8b465ee728b)
Start importing Assets/Others/Tilemaps/Cannon Palette.prefab using Guid(0d1b3f093d01a204396580078752b49b) Importer(815301076,1909f56bfc062723c751e8b465ee728b)  -> (artifact id: 'f87c01232ea0e6a75a73c189e6270e3a') in 0.016470 seconds 
  Import took 0.020633 seconds .

========================================================================
Received Import Request.
  Time since last request: 24.926580 seconds.
  path: Assets/Others/Tilemaps/struct_tree_28.asset
  artifactKey: Guid(c44796ae8d406ed4b82a7e4990e9df8a) Importer(815301076,1909f56bfc062723c751e8b465ee728b)
Start importing Assets/Others/Tilemaps/struct_tree_28.asset using Guid(c44796ae8d406ed4b82a7e4990e9df8a) Importer(815301076,1909f56bfc062723c751e8b465ee728b)  -> (artifact id: '54b8d52f47c71e509016479d54debad0') in 0.008574 seconds 
  Import took 0.012951 seconds .

========================================================================
Received Import Request.
  Time since last request: 0.000267 seconds.
  path: Assets/Others/Tilemaps/struct_tree_31.asset
  artifactKey: Guid(408ab35754113834a8a5850630595a2d) Importer(815301076,1909f56bfc062723c751e8b465ee728b)
Start importing Assets/Others/Tilemaps/struct_tree_31.asset using Guid(408ab35754113834a8a5850630595a2d) Importer(815301076,1909f56bfc062723c751e8b465ee728b)  -> (artifact id: '3cc9d4cf99e37eb9c7e3308a100d0afa') in 0.009412 seconds 
  Import took 0.021153 seconds .

========================================================================
Received Import Request.
  Time since last request: 0.000128 seconds.
  path: Assets/Others/Tilemaps/struct_tree_30.asset
  artifactKey: Guid(b6223dced99667c45ae84c8c77d4a7c1) Importer(815301076,1909f56bfc062723c751e8b465ee728b)
Start importing Assets/Others/Tilemaps/struct_tree_30.asset using Guid(b6223dced99667c45ae84c8c77d4a7c1) Importer(815301076,1909f56bfc062723c751e8b465ee728b)  -> (artifact id: '560c4e05e28dbf5bb681bbe0a009168a') in 0.017016 seconds 
  Import took 0.021099 seconds .

========================================================================
Received Import Request.
  Time since last request: 0.000134 seconds.
  path: Assets/Others/Tilemaps/struct_tree_29.asset
  artifactKey: Guid(ae8514e66cfe1e643ae9936606b7fdfa) Importer(815301076,1909f56bfc062723c751e8b465ee728b)
Start importing Assets/Others/Tilemaps/struct_tree_29.asset using Guid(ae8514e66cfe1e643ae9936606b7fdfa) Importer(815301076,1909f56bfc062723c751e8b465ee728b)  -> (artifact id: '5ac9b5891055165da6736b82f81663a3') in 0.012797 seconds 
  Import took 0.017139 seconds .

========================================================================
Received Import Request.
  Time since last request: 0.058204 seconds.
  path: Assets/Others/Tilemaps/struct_tree_32.asset
  artifactKey: Guid(deb2643d3ffbd7a4d90bb1bd721a6e8e) Importer(815301076,1909f56bfc062723c751e8b465ee728b)
Start importing Assets/Others/Tilemaps/struct_tree_32.asset using Guid(deb2643d3ffbd7a4d90bb1bd721a6e8e) Importer(815301076,1909f56bfc062723c751e8b465ee728b)  -> (artifact id: '8d4693a45998871a7595c16b63c2367b') in 0.008674 seconds 
  Import took 0.013259 seconds .

========================================================================
Received Import Request.
  Time since last request: 0.000260 seconds.
  path: Assets/Others/Tilemaps/struct_tree_35.asset
  artifactKey: Guid(2014716b21e09fe4da6f253526b2030a) Importer(815301076,1909f56bfc062723c751e8b465ee728b)
Start importing Assets/Others/Tilemaps/struct_tree_35.asset using Guid(2014716b21e09fe4da6f253526b2030a) Importer(815301076,1909f56bfc062723c751e8b465ee728b)  -> (artifact id: '888fdab74d7206b27b2d3793233efac8') in 0.009866 seconds 
  Import took 0.013605 seconds .

========================================================================
Received Import Request.
  Time since last request: 0.000242 seconds.
  path: Assets/Others/Tilemaps/struct_tree_34.asset
  artifactKey: Guid(edf30a8260398e748b9202473bd91986) Importer(815301076,1909f56bfc062723c751e8b465ee728b)
Start importing Assets/Others/Tilemaps/struct_tree_34.asset using Guid(edf30a8260398e748b9202473bd91986) Importer(815301076,1909f56bfc062723c751e8b465ee728b)  -> (artifact id: '8fee0af66f5853b53f48b20687a15a73') in 0.014393 seconds 
  Import took 0.018345 seconds .

========================================================================
Received Import Request.
  Time since last request: 0.000304 seconds.
  path: Assets/Others/Tilemaps/struct_tree_36.asset
  artifactKey: Guid(3075467ab5345fe41a9456cb4f54fbf9) Importer(815301076,1909f56bfc062723c751e8b465ee728b)
Start importing Assets/Others/Tilemaps/struct_tree_36.asset using Guid(3075467ab5345fe41a9456cb4f54fbf9) Importer(815301076,1909f56bfc062723c751e8b465ee728b)  -> (artifact id: '0a60d02f062b23ffc5efa1ebf0c151a7') in 0.011601 seconds 
  Import took 0.015206 seconds .

========================================================================
Received Import Request.
  Time since last request: 0.000213 seconds.
  path: Assets/Others/Tilemaps/struct_tree_33.asset
  artifactKey: Guid(94575a2876ba3b04982618aa6742c4ea) Importer(815301076,1909f56bfc062723c751e8b465ee728b)
Start importing Assets/Others/Tilemaps/struct_tree_33.asset using Guid(94575a2876ba3b04982618aa6742c4ea) Importer(815301076,1909f56bfc062723c751e8b465ee728b)  -> (artifact id: '8736b51248bd4aea58a0a0faf100016a') in 0.011690 seconds 
  Import took 0.015424 seconds .

========================================================================
Received Import Request.
  Time since last request: 0.072899 seconds.
  path: Assets/Others/Tilemaps/struct_tree_37.asset
  artifactKey: Guid(204c1145bd09b63409d90d2cb6fbcc46) Importer(815301076,1909f56bfc062723c751e8b465ee728b)
Start importing Assets/Others/Tilemaps/struct_tree_37.asset using Guid(204c1145bd09b63409d90d2cb6fbcc46) Importer(815301076,1909f56bfc062723c751e8b465ee728b)  -> (artifact id: 'df3bd9577441b8334e170153ff7b9ae2') in 0.008049 seconds 
  Import took 0.012487 seconds .

========================================================================
Received Import Request.
  Time since last request: 91.202370 seconds.
  path: Assets/Prefebs/Cannon Boom.prefab
  artifactKey: Guid(1c744e9c3a610bb4aa9700eea2f7b9d2) Importer(815301076,1909f56bfc062723c751e8b465ee728b)
Start importing Assets/Prefebs/Cannon Boom.prefab using Guid(1c744e9c3a610bb4aa9700eea2f7b9d2) Importer(815301076,1909f56bfc062723c751e8b465ee728b)  -> (artifact id: '6acb23d9908e02bd3faa8983d1bbb8bb') in 0.021029 seconds 
  Import took 0.035628 seconds .

========================================================================
Received Import Request.
  Time since last request: 0.000293 seconds.
  path: Assets/Prefebs/PlayerAttack_Destroyed.prefab
  artifactKey: Guid(c781c2acacf238846a556056974f2ad6) Importer(815301076,1909f56bfc062723c751e8b465ee728b)
Start importing Assets/Prefebs/PlayerAttack_Destroyed.prefab using Guid(c781c2acacf238846a556056974f2ad6) Importer(815301076,1909f56bfc062723c751e8b465ee728b)  -> (artifact id: '3fab96a35ac2667112995b0b59a81ba2') in 0.013487 seconds 
  Import took 0.017505 seconds .

========================================================================
Received Import Request.
  Time since last request: 0.000167 seconds.
  path: Assets/Prefebs/Player Attack.prefab
  artifactKey: Guid(c335e8a518c93a14b9a111fd707b20d0) Importer(815301076,1909f56bfc062723c751e8b465ee728b)
Start importing Assets/Prefebs/Player Attack.prefab using Guid(c335e8a518c93a14b9a111fd707b20d0) Importer(815301076,1909f56bfc062723c751e8b465ee728b)  -> (artifact id: 'ca369542c7c287a3c0d9a37efc254c8d') in 0.013608 seconds 
  Import took 0.017799 seconds .

========================================================================
Received Import Request.
  Time since last request: 0.000199 seconds.
  path: Assets/Prefebs/Dummy_Dead.prefab
  artifactKey: Guid(85c93718b80b6cf47a96e0461a0a7f0f) Importer(815301076,1909f56bfc062723c751e8b465ee728b)
Start importing Assets/Prefebs/Dummy_Dead.prefab using Guid(85c93718b80b6cf47a96e0461a0a7f0f) Importer(815301076,1909f56bfc062723c751e8b465ee728b)  -> (artifact id: '18b2e80d6316aa946353d9cf0f7c8f1c') in 0.015015 seconds 
  Import took 0.018940 seconds .

========================================================================
Received Import Request.
  Time since last request: 0.000212 seconds.
  path: Assets/Prefebs/Cannon Bullet.prefab
  artifactKey: Guid(d4e29261348c77348a113b77443aa7a5) Importer(815301076,1909f56bfc062723c751e8b465ee728b)
Start importing Assets/Prefebs/Cannon Bullet.prefab using Guid(d4e29261348c77348a113b77443aa7a5) Importer(815301076,1909f56bfc062723c751e8b465ee728b)  -> (artifact id: 'c0c4c542b2911d8d5dfc05ad3bbf12ff') in 0.024175 seconds 
  Import took 0.028383 seconds .

========================================================================
Received Import Request.
  Time since last request: 0.000250 seconds.
  path: Assets/Prefebs/Cannon Shot Effect.prefab
  artifactKey: Guid(628d64cf491550a448d906884f331e08) Importer(815301076,1909f56bfc062723c751e8b465ee728b)
Start importing Assets/Prefebs/Cannon Shot Effect.prefab using Guid(628d64cf491550a448d906884f331e08) Importer(815301076,1909f56bfc062723c751e8b465ee728b)  -> (artifact id: 'b8bfde935e9de7b2d97c15bd59aaf5cc') in 0.016519 seconds 
  Import took 0.020533 seconds .

========================================================================
Received Import Request.
  Time since last request: 0.000273 seconds.
  path: Assets/Prefebs/Dummy.prefab
  artifactKey: Guid(ff02881f8fea0074486e7c847e3b2b2d) Importer(815301076,1909f56bfc062723c751e8b465ee728b)
Start importing Assets/Prefebs/Dummy.prefab using Guid(ff02881f8fea0074486e7c847e3b2b2d) Importer(815301076,1909f56bfc062723c751e8b465ee728b)  -> (artifact id: 'c49a5a55c7f0cb73a47f9d488dc3582f') in 0.025450 seconds 
  Import took 0.029647 seconds .

========================================================================
Received Import Request.
  Time since last request: 0.000277 seconds.
  path: Assets/Prefebs/Player.prefab
  artifactKey: Guid(db95b03ad574e1c4ca1a5ad88f1bc291) Importer(815301076,1909f56bfc062723c751e8b465ee728b)
Start importing Assets/Prefebs/Player.prefab using Guid(db95b03ad574e1c4ca1a5ad88f1bc291) Importer(815301076,1909f56bfc062723c751e8b465ee728b)  -> (artifact id: 'e9e48641c35fc0b66fd181f761e0fe45') in 0.034643 seconds 
  Import took 0.038877 seconds .

========================================================================
Received Import Request.
  Time since last request: 0.000261 seconds.
  path: Assets/Prefebs/Cannon.prefab
  artifactKey: Guid(29870ec01f7b43d4883011264cd3a375) Importer(815301076,1909f56bfc062723c751e8b465ee728b)
Start importing Assets/Prefebs/Cannon.prefab using Guid(29870ec01f7b43d4883011264cd3a375) Importer(815301076,1909f56bfc062723c751e8b465ee728b)  -> (artifact id: '7e30ae5fc025acef30b5059824b7c347') in 0.035529 seconds 
  Import took 0.039559 seconds .

========================================================================
Received Import Request.
  Time since last request: 17.500527 seconds.
  path: Assets/Images/Player/player.png
  artifactKey: Guid(90c4d4a620059d748b11323bd256e3cb) Importer(815301076,1909f56bfc062723c751e8b465ee728b)
Start importing Assets/Images/Player/player.png using Guid(90c4d4a620059d748b11323bd256e3cb) Importer(815301076,1909f56bfc062723c751e8b465ee728b)  -> (artifact id: '725cdb1385abb57fce42529a84b99e23') in 0.203951 seconds 
  Import took 0.208558 seconds .

========================================================================
Received Import Request.
  Time since last request: 0.000208 seconds.
  path: Assets/Images/Player/player_emission.png
  artifactKey: Guid(36f9f78cd77679441a3628300b5210e7) Importer(815301076,1909f56bfc062723c751e8b465ee728b)
Start importing Assets/Images/Player/player_emission.png using Guid(36f9f78cd77679441a3628300b5210e7) Importer(815301076,1909f56bfc062723c751e8b465ee728b)  -> (artifact id: 'ed7bd12ee42886e4a2b9a3e4f7c67fdc') in 0.024432 seconds 
  Import took 0.028355 seconds .

========================================================================
Received Import Request.
  Time since last request: 3.885128 seconds.
  path: Assets/Images/Struct/struct.png
  artifactKey: Guid(7adc54be4729be54789cf917f2380edb) Importer(815301076,1909f56bfc062723c751e8b465ee728b)
Start importing Assets/Images/Struct/struct.png using Guid(7adc54be4729be54789cf917f2380edb) Importer(815301076,1909f56bfc062723c751e8b465ee728b)  -> (artifact id: '92b124f54a9bfa45ed09838dcf123d02') in 0.080572 seconds 
  Import took 0.093361 seconds .

========================================================================
Received Import Request.
  Time since last request: 0.000299 seconds.
  path: Assets/Images/Struct/struct_tree.png
  artifactKey: Guid(06853c81215571d45afa2091e0ba8559) Importer(815301076,1909f56bfc062723c751e8b465ee728b)
Start importing Assets/Images/Struct/struct_tree.png using Guid(06853c81215571d45afa2091e0ba8559) Importer(815301076,1909f56bfc062723c751e8b465ee728b)  -> (artifact id: '5b2c5595ba2e904628e6540155a81654') in 0.092468 seconds 
  Import took 0.096348 seconds .

========================================================================
Received Prepare
Registering precompiled user dll's ...
Registered in 0.003901 seconds.
Begin MonoManager ReloadAssembly
Native extension for WindowsStandalone target not found
Refreshing native plugins compatible for Editor in 0.49 ms, found 3 plugins.
Preloading 0 native plugins for Editor in 0.00 ms.
Mono: successfully reloaded assembly
- Completed reload, in  0.830 seconds
Domain Reload Profiling:
	ReloadAssembly (830ms)
		BeginReloadAssembly (108ms)
			ExecutionOrderSort (0ms)
			DisableScriptedObjects (6ms)
			BackupInstance (0ms)
			ReleaseScriptingObjects (0ms)
			CreateAndSetChildDomain (32ms)
		EndReloadAssembly (678ms)
			LoadAssemblies (74ms)
			RebuildTransferFunctionScriptingTraits (0ms)
			SetupTypeCache (197ms)
			ReleaseScriptCaches (1ms)
			RebuildScriptCaches (32ms)
			SetupLoadedEditorAssemblies (283ms)
				LogAssemblyErrors (0ms)
				InitializePlatformSupportModulesInManaged (3ms)
				SetLoadedEditorAssemblies (0ms)
				RefreshPlugins (1ms)
				BeforeProcessingInitializeOnLoad (64ms)
				ProcessInitializeOnLoadAttributes (206ms)
				ProcessInitializeOnLoadMethodAttributes (4ms)
				AfterProcessingInitializeOnLoad (5ms)
				EditorAssembliesLoaded (0ms)
			ExecutionOrderSort2 (0ms)
			AwakeInstancesAfterBackupRestoration (14ms)
Platform modules already initialized, skipping
Shader 'Universal Render Pipeline/Particles/Lit': fallback shader 'Universal Render Pipeline/Particles/SimpleLit' not found
Refreshing native plugins compatible for Editor in 0.49 ms, found 3 plugins.
Preloading 0 native plugins for Editor in 0.00 ms.
Unloading 3172 Unused Serialized files (Serialized files now loaded: 0)
System memory in use before: 142.5 MB.
System memory in use after: 142.6 MB.

Unloading 22 unused Assets to reduce memory usage. Loaded Objects now: 3836.
Total: 2.053300 ms (FindLiveObjects: 0.209300 ms CreateObjectMapping: 0.081800 ms MarkObjects: 1.655700 ms  DeleteObjects: 0.106000 ms)

AssetImportParameters requested are different than current active one (requested -> active):
  custom:framework-win-MediaFoundation: 216162199b28c13a410421893ffa2e32 -> 
  custom:video-decoder-ogg-theora: a1e56fd34408186e4bbccfd4996cb3dc -> 
  custom:container-muxer-webm: aa71ff27fc2769a1b78a27578f13a17b -> 
  custom:container-demuxer-webm: 4f35f7cbe854078d1ac9338744f61a02 -> 
  custom:container-demuxer-ogg: 62fdf1f143b41e24485cea50d1cbac27 -> 
  custom:video-encoder-webm-vp8: eb34c28f22e8b96e1ab97ce403110664 -> 
  custom:video-decoder-webm-vp8: 9c59270c3fd7afecdb556c50c9e8de78 -> 
  custom:audio-decoder-ogg-vorbis: bf7c407c2cedff20999df2af8eb42d56 -> 
  custom:audio-encoder-webm-vorbis: bf7c407c2cedff20999df2af8eb42d56 -> 
========================================================================
Received Import Request.
  Time since last request: 27.976576 seconds.
  path: Assets/Images/Struct/struct_1.asset
  artifactKey: Guid(ebc9fd314dd2a254483d52add70c66dc) Importer(815301076,1909f56bfc062723c751e8b465ee728b)
Start importing Assets/Images/Struct/struct_1.asset using Guid(ebc9fd314dd2a254483d52add70c66dc) Importer(815301076,1909f56bfc062723c751e8b465ee728b)  -> (artifact id: '4275a154de2eae0d7a7e1e8812e46292') in 0.035797 seconds 
  Import took 0.040553 seconds .

========================================================================
Received Import Request.
  Time since last request: 4.925859 seconds.
  path: Assets/Images/Struct/struct_2.asset
  artifactKey: Guid(55153a6fac24e184793319c36acd61a1) Importer(815301076,1909f56bfc062723c751e8b465ee728b)
Start importing Assets/Images/Struct/struct_2.asset using Guid(55153a6fac24e184793319c36acd61a1) Importer(815301076,1909f56bfc062723c751e8b465ee728b)  -> (artifact id: '7c76413bede05e13788ef0e8b5dae055') in 0.012461 seconds 
  Import took 0.017354 seconds .

========================================================================
Received Import Request.
  Time since last request: 3.158116 seconds.
  path: Assets/Images/Struct/struct_3.asset
  artifactKey: Guid(01c142d6ab8e8f7478373cde8c114ffb) Importer(815301076,1909f56bfc062723c751e8b465ee728b)
Start importing Assets/Images/Struct/struct_3.asset using Guid(01c142d6ab8e8f7478373cde8c114ffb) Importer(815301076,1909f56bfc062723c751e8b465ee728b)  -> (artifact id: 'a3db540b6953c2bd84561a6f552ac380') in 0.020512 seconds 
  Import took 0.025124 seconds .

========================================================================
Received Import Request.
  Time since last request: 137.032301 seconds.
  path: Assets/Images/Struct/struct_4.asset
  artifactKey: Guid(a6680bde1fc88a046a50c43193a9a627) Importer(815301076,1909f56bfc062723c751e8b465ee728b)
Start importing Assets/Images/Struct/struct_4.asset using Guid(a6680bde1fc88a046a50c43193a9a627) Importer(815301076,1909f56bfc062723c751e8b465ee728b)  -> (artifact id: '845e179f0bbf9ed6af034916cddff4db') in 0.009839 seconds 
  Import took 0.023779 seconds .

========================================================================
Received Import Request.
  Time since last request: 4.107541 seconds.
  path: Assets/Others/Tilemaps/Cannon Palette.prefab
  artifactKey: Guid(0d1b3f093d01a204396580078752b49b) Importer(815301076,1909f56bfc062723c751e8b465ee728b)
Start importing Assets/Others/Tilemaps/Cannon Palette.prefab using Guid(0d1b3f093d01a204396580078752b49b) Importer(815301076,1909f56bfc062723c751e8b465ee728b)  -> (artifact id: 'ad9e1f09bec4e90fc2ce86b203d1c588') in 0.082722 seconds 
  Import took 0.096538 seconds .

========================================================================
Received Import Request.
  Time since last request: 0.000182 seconds.
  path: Assets/Others/Tilemaps/struct_0.asset
  artifactKey: Guid(af35287a7fcb7e848a767f8d33f8664b) Importer(815301076,1909f56bfc062723c751e8b465ee728b)
Start importing Assets/Others/Tilemaps/struct_0.asset using Guid(af35287a7fcb7e848a767f8d33f8664b) Importer(815301076,1909f56bfc062723c751e8b465ee728b)  -> (artifact id: 'e247825f27479b1c85699902126a9afe') in 0.009411 seconds 
  Import took 0.013981 seconds .

========================================================================
Received Import Request.
  Time since last request: 0.971438 seconds.
  path: Assets/Others/Tilemaps
  artifactKey: Guid(3789bcb239be5c94cb8d8b8c594b3672) Importer(815301076,1909f56bfc062723c751e8b465ee728b)
Start importing Assets/Others/Tilemaps using Guid(3789bcb239be5c94cb8d8b8c594b3672) Importer(815301076,1909f56bfc062723c751e8b465ee728b)  -> (artifact id: 'a1be5f57631c9e895c800dcc2fc13f56') in 0.005109 seconds 
  Import took 0.017353 seconds .

========================================================================
Received Import Request.
  Time since last request: 28.487226 seconds.
  path: Assets/Others/Tilemaps/Cannon Rule Tile.asset
  artifactKey: Guid(fac9c72e5d6201b49a8fca40a48f4e96) Importer(815301076,1909f56bfc062723c751e8b465ee728b)
Start importing Assets/Others/Tilemaps/Cannon Rule Tile.asset using Guid(fac9c72e5d6201b49a8fca40a48f4e96) Importer(815301076,1909f56bfc062723c751e8b465ee728b)  -> (artifact id: '52db29619722cf87c1f30333372042f3') in 0.010781 seconds 
  Import took 0.015580 seconds .

========================================================================
Received Import Request.
  Time since last request: 0.005818 seconds.
  path: Assets/Others/Tilemaps/Cannon Rule Tile.asset
  artifactKey: Guid(fac9c72e5d6201b49a8fca40a48f4e96) Importer(815301076,1909f56bfc062723c751e8b465ee728b)
Start importing Assets/Others/Tilemaps/Cannon Rule Tile.asset using Guid(fac9c72e5d6201b49a8fca40a48f4e96) Importer(815301076,1909f56bfc062723c751e8b465ee728b)  -> (artifact id: '52db29619722cf87c1f30333372042f3') in 0.004651 seconds 
  Import took 0.008726 seconds .

========================================================================
Received Import Request.
  Time since last request: 7.228561 seconds.
  path: Assets/Others/Tilemaps/Ground Rule Tile.asset
  artifactKey: Guid(5e4531971dad885459433c6d809b248c) Importer(815301076,1909f56bfc062723c751e8b465ee728b)
Start importing Assets/Others/Tilemaps/Ground Rule Tile.asset using Guid(5e4531971dad885459433c6d809b248c) Importer(815301076,1909f56bfc062723c751e8b465ee728b)  -> (artifact id: 'dfe6458cfedf60f80d1c5af41dece263') in 0.012790 seconds 
  Import took 0.017834 seconds .

========================================================================
Received Import Request.
  Time since last request: 0.000848 seconds.
  path: Assets/Others/Tilemaps/Ground Rule Tile.asset
  artifactKey: Guid(5e4531971dad885459433c6d809b248c) Importer(815301076,1909f56bfc062723c751e8b465ee728b)
Start importing Assets/Others/Tilemaps/Ground Rule Tile.asset using Guid(5e4531971dad885459433c6d809b248c) Importer(815301076,1909f56bfc062723c751e8b465ee728b)  -> (artifact id: 'dfe6458cfedf60f80d1c5af41dece263') in 0.014867 seconds 
  Import took 0.018969 seconds .

========================================================================
Received Import Request.
  Time since last request: 96.582164 seconds.
  path: Assets/Images/UI/background.png
  artifactKey: Guid(c4d4806df1b99db47a3fd23577c2ae73) Importer(815301076,1909f56bfc062723c751e8b465ee728b)
Start importing Assets/Images/UI/background.png using Guid(c4d4806df1b99db47a3fd23577c2ae73) Importer(815301076,1909f56bfc062723c751e8b465ee728b)  -> (artifact id: '93f8b0eb64c86222716ce6241d165a50') in 0.052441 seconds 
  Import took 0.057165 seconds .

========================================================================
Received Import Request.
  Time since last request: 0.000187 seconds.
  path: Assets/Images/UI/bar1.png
  artifactKey: Guid(a8c6c91314c272744891e66941aed6a3) Importer(815301076,1909f56bfc062723c751e8b465ee728b)
Start importing Assets/Images/UI/bar1.png using Guid(a8c6c91314c272744891e66941aed6a3) Importer(815301076,1909f56bfc062723c751e8b465ee728b)  -> (artifact id: '3190b8c14b2900369f760859e9865b5b') in 0.030783 seconds 
  Import took 0.034894 seconds .

========================================================================
Received Import Request.
  Time since last request: 0.002561 seconds.
  path: Assets/Images/UI/bar1.png
  artifactKey: Guid(a8c6c91314c272744891e66941aed6a3) Importer(815301076,1909f56bfc062723c751e8b465ee728b)
Start importing Assets/Images/UI/bar1.png using Guid(a8c6c91314c272744891e66941aed6a3) Importer(815301076,1909f56bfc062723c751e8b465ee728b)  -> (artifact id: '3190b8c14b2900369f760859e9865b5b') in 0.025943 seconds 
  Import took 0.029977 seconds .

========================================================================
Received Import Request.
  Time since last request: 1.462811 seconds.
  path: Assets/Images/UI/bar2.png
  artifactKey: Guid(b993378c9c7152c4c900338e40d3142e) Importer(815301076,1909f56bfc062723c751e8b465ee728b)
Start importing Assets/Images/UI/bar2.png using Guid(b993378c9c7152c4c900338e40d3142e) Importer(815301076,1909f56bfc062723c751e8b465ee728b)  -> (artifact id: 'fd9d36f7c3dcc6cac370f54c3ab2aac5') in 0.037149 seconds 
  Import took 0.041930 seconds .

========================================================================
Received Import Request.
  Time since last request: 0.001236 seconds.
  path: Assets/Images/UI/bar2.png
  artifactKey: Guid(b993378c9c7152c4c900338e40d3142e) Importer(815301076,1909f56bfc062723c751e8b465ee728b)
Start importing Assets/Images/UI/bar2.png using Guid(b993378c9c7152c4c900338e40d3142e) Importer(815301076,1909f56bfc062723c751e8b465ee728b)  -> (artifact id: 'fd9d36f7c3dcc6cac370f54c3ab2aac5') in 0.027301 seconds 
  Import took 0.031381 seconds .

========================================================================
Received Import Request.
  Time since last request: 1.957012 seconds.
  path: Assets/Images/UI/bar3.png
  artifactKey: Guid(812900b68c3d63d4985a0c77e6ced05c) Importer(815301076,1909f56bfc062723c751e8b465ee728b)
Start importing Assets/Images/UI/bar3.png using Guid(812900b68c3d63d4985a0c77e6ced05c) Importer(815301076,1909f56bfc062723c751e8b465ee728b)  -> (artifact id: '9f56b41c3b00c04cf4d2a3221df6f2db') in 0.038198 seconds 
  Import took 0.042666 seconds .

========================================================================
Received Import Request.
  Time since last request: 0.000175 seconds.
  path: Assets/Images/Effect/cannon_boom.png
  artifactKey: Guid(24625853edb397540bb199bcf18f7c01) Importer(815301076,1909f56bfc062723c751e8b465ee728b)
Start importing Assets/Images/Effect/cannon_boom.png using Guid(24625853edb397540bb199bcf18f7c01) Importer(815301076,1909f56bfc062723c751e8b465ee728b)  -> (artifact id: 'c1546bc965359a01b81a2358397c11b0') in 0.118614 seconds 
  Import took 0.122589 seconds .

========================================================================
Received Import Request.
  Time since last request: 0.000191 seconds.
  path: Assets/Images/Effect/fedder.png
  artifactKey: Guid(1ef6a63da1c19c34b86d3caa88028ae9) Importer(815301076,1909f56bfc062723c751e8b465ee728b)
Start importing Assets/Images/Effect/fedder.png using Guid(1ef6a63da1c19c34b86d3caa88028ae9) Importer(815301076,1909f56bfc062723c751e8b465ee728b)  -> (artifact id: '9b23a9acaf408b296772733cf6d42243') in 0.024812 seconds 
  Import took 0.029504 seconds .

========================================================================
Received Import Request.
  Time since last request: 0.000161 seconds.
  path: Assets/Images/UI/Key.png
  artifactKey: Guid(657354b4ffbcd8e438bd12d118cb3c6b) Importer(815301076,1909f56bfc062723c751e8b465ee728b)
Start importing Assets/Images/UI/Key.png using Guid(657354b4ffbcd8e438bd12d118cb3c6b) Importer(815301076,1909f56bfc062723c751e8b465ee728b)  -> (artifact id: '25aef8d8d4de14e5d33d96a34ac0166e') in 0.025239 seconds 
  Import took 0.029208 seconds .

========================================================================
Received Import Request.
  Time since last request: 0.000172 seconds.
  path: Assets/Images/UI/barIcons.png
  artifactKey: Guid(c46cf297f9c40e949bf5bbb366da0f93) Importer(815301076,1909f56bfc062723c751e8b465ee728b)
Start importing Assets/Images/UI/barIcons.png using Guid(c46cf297f9c40e949bf5bbb366da0f93) Importer(815301076,1909f56bfc062723c751e8b465ee728b)  -> (artifact id: '7b4d8b7a16a281f05f1b449da0760b84') in 0.020226 seconds 
  Import took 0.025617 seconds .

========================================================================
Received Import Request.
  Time since last request: 0.000218 seconds.
  path: Assets/Images/Enemy/dummy.png
  artifactKey: Guid(2f2b6b9d7a8897942862de53a0c2fc3a) Importer(815301076,1909f56bfc062723c751e8b465ee728b)
Start importing Assets/Images/Enemy/dummy.png using Guid(2f2b6b9d7a8897942862de53a0c2fc3a) Importer(815301076,1909f56bfc062723c751e8b465ee728b)  -> (artifact id: '7834a7abd9c086e8c2766fc5326904f1') in 0.030592 seconds 
  Import took 0.034726 seconds .

========================================================================
Received Import Request.
  Time since last request: 0.000233 seconds.
  path: Assets/Images/UI/key_big.png
  artifactKey: Guid(b7c88407cfbc24b4e8d13f5e3ffd0e66) Importer(815301076,1909f56bfc062723c751e8b465ee728b)
Start importing Assets/Images/UI/key_big.png using Guid(b7c88407cfbc24b4e8d13f5e3ffd0e66) Importer(815301076,1909f56bfc062723c751e8b465ee728b)  -> (artifact id: 'd2e7c5d7b90f8fb56f7ebf36696ad0e5') in 0.014828 seconds 
  Import took 0.018889 seconds .

========================================================================
Received Import Request.
  Time since last request: 0.000166 seconds.
  path: Assets/Images/Effect/cannon_shotEffect.png
  artifactKey: Guid(127c7fe308d72ef4e954da8b0236af19) Importer(815301076,1909f56bfc062723c751e8b465ee728b)
Start importing Assets/Images/Effect/cannon_shotEffect.png using Guid(127c7fe308d72ef4e954da8b0236af19) Importer(815301076,1909f56bfc062723c751e8b465ee728b)  -> (artifact id: '322aaf1cdfb34543fbd789a642dac8b4') in 0.049299 seconds 
  Import took 0.053416 seconds .

========================================================================
Received Import Request.
  Time since last request: 0.000171 seconds.
  path: Assets/Images/UI/rangeEffect.png
  artifactKey: Guid(c11ea06dff2a4b34ba0c155596eb99db) Importer(815301076,1909f56bfc062723c751e8b465ee728b)
Start importing Assets/Images/UI/rangeEffect.png using Guid(c11ea06dff2a4b34ba0c155596eb99db) Importer(815301076,1909f56bfc062723c751e8b465ee728b)  -> (artifact id: '0908232cd8d2439dad0b183a213d9978') in 0.033819 seconds 
  Import took 0.037615 seconds .

========================================================================
Received Import Request.
  Time since last request: 0.000172 seconds.
  path: Assets/Images/UI/story.png
  artifactKey: Guid(d9aa05c7cb0d38f49a1f093bae6ad4a7) Importer(815301076,1909f56bfc062723c751e8b465ee728b)
Start importing Assets/Images/UI/story.png using Guid(d9aa05c7cb0d38f49a1f093bae6ad4a7) Importer(815301076,1909f56bfc062723c751e8b465ee728b)  -> (artifact id: 'b16a66d1ce26fd6258187b59d490a033') in 0.038897 seconds 
  Import took 0.043068 seconds .

========================================================================
Received Import Request.
  Time since last request: 0.114402 seconds.
  path: Assets/Images/UI/upgradeEffect.png
  artifactKey: Guid(17109ccb5286a8e4d8e8b300ce7bf245) Importer(815301076,1909f56bfc062723c751e8b465ee728b)
Start importing Assets/Images/UI/upgradeEffect.png using Guid(17109ccb5286a8e4d8e8b300ce7bf245) Importer(815301076,1909f56bfc062723c751e8b465ee728b)  -> (artifact id: 'd0d9a7d24f35604b09d876486b05afaf') in 0.094379 seconds 
  Import took 0.099116 seconds .

========================================================================
Received Import Request.
  Time since last request: 0.715356 seconds.
  path: Assets/Images/Effect/cannon_bullet.png
  artifactKey: Guid(7e3effb25774199449935390b7daa779) Importer(815301076,1909f56bfc062723c751e8b465ee728b)
Start importing Assets/Images/Effect/cannon_bullet.png using Guid(7e3effb25774199449935390b7daa779) Importer(815301076,1909f56bfc062723c751e8b465ee728b)  -> (artifact id: '51124f39edbb9a5e23489342274abb82') in 0.011040 seconds 
  Import took 0.015402 seconds .

========================================================================
Received Import Request.
  Time since last request: 148.043577 seconds.
  path: Assets/Others/Tilemaps/Cannon Prefab Brush.asset
  artifactKey: Guid(93759e0458aa80a4a853512777ae81ca) Importer(815301076,1909f56bfc062723c751e8b465ee728b)
Start importing Assets/Others/Tilemaps/Cannon Prefab Brush.asset using Guid(93759e0458aa80a4a853512777ae81ca) Importer(815301076,1909f56bfc062723c751e8b465ee728b)  -> (artifact id: '681cb309f435dbcfb1b929ace91dc2c7') in 0.015178 seconds 
  Import took 0.020131 seconds .

========================================================================
Received Import Request.
  Time since last request: 402.253276 seconds.
  path: Assets/Others/Tilemaps/New Rule Tile.asset
  artifactKey: Guid(56ff18070717a014d9476088282a351b) Importer(815301076,1909f56bfc062723c751e8b465ee728b)
Start importing Assets/Others/Tilemaps/New Rule Tile.asset using Guid(56ff18070717a014d9476088282a351b) Importer(815301076,1909f56bfc062723c751e8b465ee728b)  -> (artifact id: '29e90a4e8b5d4134dc68e4a9a451f605') in 0.004858 seconds 
  Import took 0.009307 seconds .

========================================================================
Received Import Request.
  Time since last request: 14.961172 seconds.
  path: Assets/Images/Struct
  artifactKey: Guid(cc9513ae7793cf442ba018c6386f185d) Importer(815301076,1909f56bfc062723c751e8b465ee728b)
Start importing Assets/Images/Struct using Guid(cc9513ae7793cf442ba018c6386f185d) Importer(815301076,1909f56bfc062723c751e8b465ee728b)  -> (artifact id: '4e32a44affca11d48a3cf68ddd14b36b') in 0.006104 seconds 
  Import took 0.010677 seconds .

========================================================================
Received Import Request.
  Time since last request: 0.001094 seconds.
  path: Assets/Images/Struct
  artifactKey: Guid(cc9513ae7793cf442ba018c6386f185d) Importer(815301076,1909f56bfc062723c751e8b465ee728b)
Start importing Assets/Images/Struct using Guid(cc9513ae7793cf442ba018c6386f185d) Importer(815301076,1909f56bfc062723c751e8b465ee728b)  -> (artifact id: '4e32a44affca11d48a3cf68ddd14b36b') in 0.001594 seconds 
  Import took 0.005571 seconds .

========================================================================
Received Import Request.
  Time since last request: 2.165151 seconds.
  path: Assets/Images/Player
  artifactKey: Guid(d2ff9a879d416bd4a93b11a512cc4a4e) Importer(815301076,1909f56bfc062723c751e8b465ee728b)
Start importing Assets/Images/Player using Guid(d2ff9a879d416bd4a93b11a512cc4a4e) Importer(815301076,1909f56bfc062723c751e8b465ee728b)  -> (artifact id: '3a8ac1a42934ca62c6bb2767bb7a0965') in 0.004650 seconds 
  Import took 0.009298 seconds .

========================================================================
Received Import Request.
  Time since last request: 0.438476 seconds.
  path: Assets/Images/Enemy
  artifactKey: Guid(c6e1310721306f840af2dc42098fbdee) Importer(815301076,1909f56bfc062723c751e8b465ee728b)
Start importing Assets/Images/Enemy using Guid(c6e1310721306f840af2dc42098fbdee) Importer(815301076,1909f56bfc062723c751e8b465ee728b)  -> (artifact id: '6338993efaf41a470531d6c41e44380b') in 0.004532 seconds 
  Import took 0.009047 seconds .

========================================================================
Received Import Request.
  Time since last request: 0.530143 seconds.
  path: Assets/Images/Effect
  artifactKey: Guid(a18446539afe8ce44ac1fb4f8d4d9776) Importer(815301076,1909f56bfc062723c751e8b465ee728b)
Start importing Assets/Images/Effect using Guid(a18446539afe8ce44ac1fb4f8d4d9776) Importer(815301076,1909f56bfc062723c751e8b465ee728b)  -> (artifact id: '37a7c6c97ce76872df5f9404af3a59ae') in 0.004794 seconds 
  Import took 0.008843 seconds .

========================================================================
Received Import Request.
  Time since last request: 32.186936 seconds.
  path: Assets/Others/Tilemaps/Cannon Rule Tile.asset
  artifactKey: Guid(56ff18070717a014d9476088282a351b) Importer(815301076,1909f56bfc062723c751e8b465ee728b)
Start importing Assets/Others/Tilemaps/Cannon Rule Tile.asset using Guid(56ff18070717a014d9476088282a351b) Importer(815301076,1909f56bfc062723c751e8b465ee728b)  -> (artifact id: '20ba30569111873245b4e2f4e61f835d') in 0.009687 seconds 
  Import took 0.014567 seconds .

========================================================================
Received Import Request.
  Time since last request: 601.757804 seconds.
  path: Assets/Others/Tilemaps/Enemy Palette.prefab
  artifactKey: Guid(0d1b3f093d01a204396580078752b49b) Importer(815301076,1909f56bfc062723c751e8b465ee728b)
Start importing Assets/Others/Tilemaps/Enemy Palette.prefab using Guid(0d1b3f093d01a204396580078752b49b) Importer(815301076,1909f56bfc062723c751e8b465ee728b)  -> (artifact id: '72af5e5077fe07e8b15bdc2804c1e665') in 0.023946 seconds 
  Import took 0.029595 seconds .

========================================================================
Received Import Request.
  Time since last request: 59.116900 seconds.
  path: Assets/Others/Tilemaps/Dummy Prefab Brush.asset
  artifactKey: Guid(358bb71ea263af8439c4582ffa5add91) Importer(815301076,1909f56bfc062723c751e8b465ee728b)
Start importing Assets/Others/Tilemaps/Dummy Prefab Brush.asset using Guid(358bb71ea263af8439c4582ffa5add91) Importer(815301076,1909f56bfc062723c751e8b465ee728b)  -> (artifact id: '6ff1e1dd138dd413e1c9c97d2a507698') in 0.005279 seconds 
  Import took 0.010233 seconds .

========================================================================
Received Import Request.
  Time since last request: 120.886863 seconds.
  path: Assets/Others/Tilemaps/Enemy Palette.prefab
  artifactKey: Guid(0d1b3f093d01a204396580078752b49b) Importer(815301076,1909f56bfc062723c751e8b465ee728b)
Start importing Assets/Others/Tilemaps/Enemy Palette.prefab using Guid(0d1b3f093d01a204396580078752b49b) Importer(815301076,1909f56bfc062723c751e8b465ee728b)  -> (artifact id: '2e21e9a3c4f3e713f9c6bf122a5dd800') in 0.013958 seconds 
  Import took 0.018731 seconds .

========================================================================
Received Prepare
Registering precompiled user dll's ...
Registered in 0.003965 seconds.
Begin MonoManager ReloadAssembly
Native extension for WindowsStandalone target not found
Refreshing native plugins compatible for Editor in 0.50 ms, found 3 plugins.
Preloading 0 native plugins for Editor in 0.00 ms.
Mono: successfully reloaded assembly
- Completed reload, in  0.898 seconds
Domain Reload Profiling:
	ReloadAssembly (899ms)
		BeginReloadAssembly (95ms)
			ExecutionOrderSort (0ms)
			DisableScriptedObjects (6ms)
			BackupInstance (0ms)
			ReleaseScriptingObjects (0ms)
			CreateAndSetChildDomain (30ms)
		EndReloadAssembly (760ms)
			LoadAssemblies (70ms)
			RebuildTransferFunctionScriptingTraits (0ms)
			SetupTypeCache (247ms)
			ReleaseScriptCaches (1ms)
			RebuildScriptCaches (33ms)
			SetupLoadedEditorAssemblies (292ms)
				LogAssemblyErrors (0ms)
				InitializePlatformSupportModulesInManaged (3ms)
				SetLoadedEditorAssemblies (0ms)
				RefreshPlugins (1ms)
				BeforeProcessingInitializeOnLoad (71ms)
				ProcessInitializeOnLoadAttributes (210ms)
				ProcessInitializeOnLoadMethodAttributes (4ms)
				AfterProcessingInitializeOnLoad (4ms)
				EditorAssembliesLoaded (0ms)
			ExecutionOrderSort2 (0ms)
			AwakeInstancesAfterBackupRestoration (14ms)
Platform modules already initialized, skipping
Shader 'Universal Render Pipeline/Particles/Lit': fallback shader 'Universal Render Pipeline/Particles/SimpleLit' not found
Refreshing native plugins compatible for Editor in 0.49 ms, found 3 plugins.
Preloading 0 native plugins for Editor in 0.00 ms.
Unloading 3170 Unused Serialized files (Serialized files now loaded: 0)
System memory in use before: 142.7 MB.
System memory in use after: 142.8 MB.

Unloading 22 unused Assets to reduce memory usage. Loaded Objects now: 3912.
Total: 2.209300 ms (FindLiveObjects: 0.228400 ms CreateObjectMapping: 0.101500 ms MarkObjects: 1.784300 ms  DeleteObjects: 0.094400 ms)

AssetImportParameters requested are different than current active one (requested -> active):
  custom:framework-win-MediaFoundation: 216162199b28c13a410421893ffa2e32 -> 
  custom:video-decoder-ogg-theora: a1e56fd34408186e4bbccfd4996cb3dc -> 
  custom:container-muxer-webm: aa71ff27fc2769a1b78a27578f13a17b -> 
  custom:container-demuxer-webm: 4f35f7cbe854078d1ac9338744f61a02 -> 
  custom:container-demuxer-ogg: 62fdf1f143b41e24485cea50d1cbac27 -> 
  custom:video-encoder-webm-vp8: eb34c28f22e8b96e1ab97ce403110664 -> 
  custom:video-decoder-webm-vp8: 9c59270c3fd7afecdb556c50c9e8de78 -> 
  custom:audio-decoder-ogg-vorbis: bf7c407c2cedff20999df2af8eb42d56 -> 
  custom:audio-encoder-webm-vorbis: bf7c407c2cedff20999df2af8eb42d56 -> 
========================================================================
Received Import Request.
  Time since last request: 301.631189 seconds.
  path: Assets/Scripts/GameManager.cs
  artifactKey: Guid(5d8302a1eab7e5a46bf153077cf41d3d) Importer(815301076,1909f56bfc062723c751e8b465ee728b)
Start importing Assets/Scripts/GameManager.cs using Guid(5d8302a1eab7e5a46bf153077cf41d3d) Importer(815301076,1909f56bfc062723c751e8b465ee728b)  -> (artifact id: '67c8e3267c4ee05ac1eaa44dfae7c4bc') in 0.025267 seconds 
  Import took 0.030845 seconds .

========================================================================
Received Import Request.
  Time since last request: 0.011583 seconds.
  path: Assets/Scripts/GameManager.cs
  artifactKey: Guid(5d8302a1eab7e5a46bf153077cf41d3d) Importer(815301076,1909f56bfc062723c751e8b465ee728b)
Start importing Assets/Scripts/GameManager.cs using Guid(5d8302a1eab7e5a46bf153077cf41d3d) Importer(815301076,1909f56bfc062723c751e8b465ee728b)  -> (artifact id: '67c8e3267c4ee05ac1eaa44dfae7c4bc') in 0.002092 seconds 
  Import took 0.006411 seconds .

========================================================================
Received Prepare
Registering precompiled user dll's ...
Registered in 0.004428 seconds.
Begin MonoManager ReloadAssembly
Native extension for WindowsStandalone target not found
Refreshing native plugins compatible for Editor in 0.54 ms, found 3 plugins.
Preloading 0 native plugins for Editor in 0.00 ms.
Mono: successfully reloaded assembly
- Completed reload, in  1.012 seconds
Domain Reload Profiling:
	ReloadAssembly (1013ms)
		BeginReloadAssembly (103ms)
			ExecutionOrderSort (0ms)
			DisableScriptedObjects (5ms)
			BackupInstance (0ms)
			ReleaseScriptingObjects (0ms)
			CreateAndSetChildDomain (29ms)
		EndReloadAssembly (861ms)
			LoadAssemblies (99ms)
			RebuildTransferFunctionScriptingTraits (0ms)
			SetupTypeCache (247ms)
			ReleaseScriptCaches (1ms)
			RebuildScriptCaches (38ms)
			SetupLoadedEditorAssemblies (346ms)
				LogAssemblyErrors (0ms)
				InitializePlatformSupportModulesInManaged (3ms)
				SetLoadedEditorAssemblies (0ms)
				RefreshPlugins (1ms)
				BeforeProcessingInitializeOnLoad (87ms)
				ProcessInitializeOnLoadAttributes (243ms)
				ProcessInitializeOnLoadMethodAttributes (5ms)
				AfterProcessingInitializeOnLoad (7ms)
				EditorAssembliesLoaded (0ms)
			ExecutionOrderSort2 (0ms)
			AwakeInstancesAfterBackupRestoration (17ms)
Platform modules already initialized, skipping
Shader 'Universal Render Pipeline/Particles/Lit': fallback shader 'Universal Render Pipeline/Particles/SimpleLit' not found
Refreshing native plugins compatible for Editor in 0.56 ms, found 3 plugins.
Preloading 0 native plugins for Editor in 0.00 ms.
Unloading 3170 Unused Serialized files (Serialized files now loaded: 0)
System memory in use before: 142.7 MB.
System memory in use after: 142.8 MB.

Unloading 22 unused Assets to reduce memory usage. Loaded Objects now: 3915.
Total: 4.112100 ms (FindLiveObjects: 0.320300 ms CreateObjectMapping: 0.132000 ms MarkObjects: 3.452900 ms  DeleteObjects: 0.192900 ms)

AssetImportParameters requested are different than current active one (requested -> active):
  custom:framework-win-MediaFoundation: 216162199b28c13a410421893ffa2e32 -> 
  custom:video-decoder-ogg-theora: a1e56fd34408186e4bbccfd4996cb3dc -> 
  custom:container-muxer-webm: aa71ff27fc2769a1b78a27578f13a17b -> 
  custom:container-demuxer-webm: 4f35f7cbe854078d1ac9338744f61a02 -> 
  custom:container-demuxer-ogg: 62fdf1f143b41e24485cea50d1cbac27 -> 
  custom:video-encoder-webm-vp8: eb34c28f22e8b96e1ab97ce403110664 -> 
  custom:video-decoder-webm-vp8: 9c59270c3fd7afecdb556c50c9e8de78 -> 
  custom:audio-decoder-ogg-vorbis: bf7c407c2cedff20999df2af8eb42d56 -> 
  custom:audio-encoder-webm-vorbis: bf7c407c2cedff20999df2af8eb42d56 -> 
========================================================================
Received Import Request.
  Time since last request: 281.493632 seconds.
  path: Assets/Prefebs/Cannon_left.prefab
  artifactKey: Guid(a59bed77305667b419ce54837b806f99) Importer(815301076,1909f56bfc062723c751e8b465ee728b)
Start importing Assets/Prefebs/Cannon_left.prefab using Guid(a59bed77305667b419ce54837b806f99) Importer(815301076,1909f56bfc062723c751e8b465ee728b)  -> (artifact id: '1d81dfde6f72360411fc49a948f5aef4') in 0.126699 seconds 
  Import took 0.131207 seconds .

========================================================================
Received Import Request.
  Time since last request: 35.932813 seconds.
  path: Assets/Prefebs/Cannon_left_n.prefab
  artifactKey: Guid(665f30010c2f4864e9296b4b15348cf0) Importer(815301076,1909f56bfc062723c751e8b465ee728b)
Start importing Assets/Prefebs/Cannon_left_n.prefab using Guid(665f30010c2f4864e9296b4b15348cf0) Importer(815301076,1909f56bfc062723c751e8b465ee728b)  -> (artifact id: 'b4d446c0685616d0a9f48d0eaf7e8a56') in 0.015555 seconds 
  Import took 0.020183 seconds .

========================================================================
Received Import Request.
  Time since last request: 51.044993 seconds.
  path: Assets/Prefebs/Cannon_right_n.prefab
  artifactKey: Guid(7225bf190e2c927409a422be48a92371) Importer(815301076,1909f56bfc062723c751e8b465ee728b)
Start importing Assets/Prefebs/Cannon_right_n.prefab using Guid(7225bf190e2c927409a422be48a92371) Importer(815301076,1909f56bfc062723c751e8b465ee728b)  -> (artifact id: 'e13de5954a5dd11175397feea569da96') in 0.025684 seconds 
  Import took 0.030102 seconds .

========================================================================
Received Import Request.
  Time since last request: 0.006402 seconds.
  path: Assets/Prefebs/Cannon_right_n.prefab
  artifactKey: Guid(7225bf190e2c927409a422be48a92371) Importer(815301076,1909f56bfc062723c751e8b465ee728b)
Start importing Assets/Prefebs/Cannon_right_n.prefab using Guid(7225bf190e2c927409a422be48a92371) Importer(815301076,1909f56bfc062723c751e8b465ee728b)  -> (artifact id: 'e13de5954a5dd11175397feea569da96') in 0.022161 seconds 
  Import took 0.027110 seconds .

========================================================================
Received Import Request.
  Time since last request: 33.351258 seconds.
  path: Assets/Prefebs/Cannon_right.prefab
  artifactKey: Guid(19e8267f28dfcc04685da4faebb44fc1) Importer(815301076,1909f56bfc062723c751e8b465ee728b)
Start importing Assets/Prefebs/Cannon_right.prefab using Guid(19e8267f28dfcc04685da4faebb44fc1) Importer(815301076,1909f56bfc062723c751e8b465ee728b)  -> (artifact id: '8a55e839920149462c945772e0efcee0') in 0.014630 seconds 
  Import took 0.019579 seconds .

========================================================================
Received Import Request.
  Time since last request: 28.408402 seconds.
  path: Assets/Prefebs/Cannon_right.prefab
  artifactKey: Guid(19e8267f28dfcc04685da4faebb44fc1) Importer(815301076,1909f56bfc062723c751e8b465ee728b)
Start importing Assets/Prefebs/Cannon_right.prefab using Guid(19e8267f28dfcc04685da4faebb44fc1) Importer(815301076,1909f56bfc062723c751e8b465ee728b)  -> (artifact id: '685127271cabee143c7d17021e2a1e23') in 0.016791 seconds 
  Import took 0.021127 seconds .

========================================================================
Received Import Request.
  Time since last request: 5.066028 seconds.
  path: Assets/Prefebs/Cannon_left.prefab
  artifactKey: Guid(a59bed77305667b419ce54837b806f99) Importer(815301076,1909f56bfc062723c751e8b465ee728b)
Start importing Assets/Prefebs/Cannon_left.prefab using Guid(a59bed77305667b419ce54837b806f99) Importer(815301076,1909f56bfc062723c751e8b465ee728b)  -> (artifact id: '58ba0252452b57f188189118a216daeb') in 0.016352 seconds 
  Import took 0.021028 seconds .

========================================================================
Received Import Request.
  Time since last request: 0.004523 seconds.
  path: Assets/Prefebs/Cannon_left.prefab
  artifactKey: Guid(a59bed77305667b419ce54837b806f99) Importer(815301076,1909f56bfc062723c751e8b465ee728b)
Start importing Assets/Prefebs/Cannon_left.prefab using Guid(a59bed77305667b419ce54837b806f99) Importer(815301076,1909f56bfc062723c751e8b465ee728b)  -> (artifact id: '58ba0252452b57f188189118a216daeb') in 0.013466 seconds 
  Import took 0.017996 seconds .

========================================================================
Received Import Request.
  Time since last request: 122.657372 seconds.
  path: Assets/Others/Tilemaps/Cannon_right_n Prefab Brush.asset
  artifactKey: Guid(7eab22e94ae6301419dc61254b80212c) Importer(815301076,1909f56bfc062723c751e8b465ee728b)
Start importing Assets/Others/Tilemaps/Cannon_right_n Prefab Brush.asset using Guid(7eab22e94ae6301419dc61254b80212c) Importer(815301076,1909f56bfc062723c751e8b465ee728b)  -> (artifact id: '087a0d7cbc178f31fc384a53aa490f99') in 0.008467 seconds 
  Import took 0.013775 seconds .

========================================================================
Received Import Request.
  Time since last request: 47.600671 seconds.
  path: Assets/Others/Tilemaps/Cannon_right Prefab Brush.asset
  artifactKey: Guid(5cbabf43c306b804ab5790c2f42e3ff2) Importer(815301076,1909f56bfc062723c751e8b465ee728b)
Start importing Assets/Others/Tilemaps/Cannon_right Prefab Brush.asset using Guid(5cbabf43c306b804ab5790c2f42e3ff2) Importer(815301076,1909f56bfc062723c751e8b465ee728b)  -> (artifact id: 'dd40337effab9fa0711187db7515d7eb') in 0.006449 seconds 
  Import took 0.010839 seconds .

========================================================================
Received Import Request.
  Time since last request: 23.381117 seconds.
  path: Assets/Others/Tilemaps/Cannon_left_n Prefab Brush.asset
  artifactKey: Guid(09a095ba007ffbc46a7ca15645f06498) Importer(815301076,1909f56bfc062723c751e8b465ee728b)
Start importing Assets/Others/Tilemaps/Cannon_left_n Prefab Brush.asset using Guid(09a095ba007ffbc46a7ca15645f06498) Importer(815301076,1909f56bfc062723c751e8b465ee728b)  -> (artifact id: 'fd2d908f2d12ce743eb9ab500d8060a7') in 0.006141 seconds 
  Import took 0.010655 seconds .

========================================================================
Received Import Request.
  Time since last request: 22.538958 seconds.
  path: Assets/Others/Tilemaps/Cannon_left.asset
  artifactKey: Guid(5ba173d820494b646ac2c50b5ae8bccf) Importer(815301076,1909f56bfc062723c751e8b465ee728b)
Start importing Assets/Others/Tilemaps/Cannon_left.asset using Guid(5ba173d820494b646ac2c50b5ae8bccf) Importer(815301076,1909f56bfc062723c751e8b465ee728b)  -> (artifact id: '35e2da432962b5dde37a8bd24756cdff') in 0.002496 seconds 
  Import took 0.006701 seconds .

========================================================================
Received Import Request.
  Time since last request: 19.967796 seconds.
  path: Assets/Others/Tilemaps/Cannon_left Prefab Brush.asset
  artifactKey: Guid(5ba173d820494b646ac2c50b5ae8bccf) Importer(815301076,1909f56bfc062723c751e8b465ee728b)
Start importing Assets/Others/Tilemaps/Cannon_left Prefab Brush.asset using Guid(5ba173d820494b646ac2c50b5ae8bccf) Importer(815301076,1909f56bfc062723c751e8b465ee728b)  -> (artifact id: '6e56dfe11e528376656d8b3eaf02cdb0') in 0.006205 seconds 
  Import took 0.010662 seconds .

========================================================================
Received Prepare
Registering precompiled user dll's ...
Registered in 0.004290 seconds.
Begin MonoManager ReloadAssembly
Native extension for WindowsStandalone target not found
Refreshing native plugins compatible for Editor in 0.58 ms, found 3 plugins.
Preloading 0 native plugins for Editor in 0.00 ms.
Mono: successfully reloaded assembly
- Completed reload, in  0.902 seconds
Domain Reload Profiling:
	ReloadAssembly (903ms)
		BeginReloadAssembly (112ms)
			ExecutionOrderSort (0ms)
			DisableScriptedObjects (6ms)
			BackupInstance (0ms)
			ReleaseScriptingObjects (0ms)
			CreateAndSetChildDomain (30ms)
		EndReloadAssembly (745ms)
			LoadAssemblies (85ms)
			RebuildTransferFunctionScriptingTraits (0ms)
			SetupTypeCache (220ms)
			ReleaseScriptCaches (1ms)
			RebuildScriptCaches (32ms)
			SetupLoadedEditorAssemblies (298ms)
				LogAssemblyErrors (0ms)
				InitializePlatformSupportModulesInManaged (3ms)
				SetLoadedEditorAssemblies (0ms)
				RefreshPlugins (1ms)
				BeforeProcessingInitializeOnLoad (86ms)
				ProcessInitializeOnLoadAttributes (197ms)
				ProcessInitializeOnLoadMethodAttributes (4ms)
				AfterProcessingInitializeOnLoad (6ms)
				EditorAssembliesLoaded (0ms)
			ExecutionOrderSort2 (0ms)
			AwakeInstancesAfterBackupRestoration (15ms)
Platform modules already initialized, skipping
Shader 'Universal Render Pipeline/Particles/Lit': fallback shader 'Universal Render Pipeline/Particles/SimpleLit' not found
Refreshing native plugins compatible for Editor in 0.55 ms, found 3 plugins.
Preloading 0 native plugins for Editor in 0.00 ms.
Unloading 3170 Unused Serialized files (Serialized files now loaded: 0)
System memory in use before: 142.9 MB.
System memory in use after: 143.0 MB.

Unloading 22 unused Assets to reduce memory usage. Loaded Objects now: 3954.
Total: 2.567800 ms (FindLiveObjects: 0.228500 ms CreateObjectMapping: 0.087300 ms MarkObjects: 2.134000 ms  DeleteObjects: 0.117400 ms)

AssetImportParameters requested are different than current active one (requested -> active):
  custom:framework-win-MediaFoundation: 216162199b28c13a410421893ffa2e32 -> 
  custom:video-decoder-ogg-theora: a1e56fd34408186e4bbccfd4996cb3dc -> 
  custom:container-muxer-webm: aa71ff27fc2769a1b78a27578f13a17b -> 
  custom:container-demuxer-webm: 4f35f7cbe854078d1ac9338744f61a02 -> 
  custom:container-demuxer-ogg: 62fdf1f143b41e24485cea50d1cbac27 -> 
  custom:video-encoder-webm-vp8: eb34c28f22e8b96e1ab97ce403110664 -> 
  custom:video-decoder-webm-vp8: 9c59270c3fd7afecdb556c50c9e8de78 -> 
  custom:audio-decoder-ogg-vorbis: bf7c407c2cedff20999df2af8eb42d56 -> 
  custom:audio-encoder-webm-vorbis: bf7c407c2cedff20999df2af8eb42d56 -> 
========================================================================
Received Prepare
Registering precompiled user dll's ...
Registered in 0.005684 seconds.
Begin MonoManager ReloadAssembly
Native extension for WindowsStandalone target not found
Refreshing native plugins compatible for Editor in 0.48 ms, found 3 plugins.
Preloading 0 native plugins for Editor in 0.00 ms.
Mono: successfully reloaded assembly
- Completed reload, in  0.831 seconds
Domain Reload Profiling:
	ReloadAssembly (831ms)
		BeginReloadAssembly (100ms)
			ExecutionOrderSort (0ms)
			DisableScriptedObjects (4ms)
			BackupInstance (0ms)
			ReleaseScriptingObjects (0ms)
			CreateAndSetChildDomain (26ms)
		EndReloadAssembly (688ms)
			LoadAssemblies (75ms)
			RebuildTransferFunctionScriptingTraits (0ms)
			SetupTypeCache (202ms)
			ReleaseScriptCaches (1ms)
			RebuildScriptCaches (31ms)
			SetupLoadedEditorAssemblies (284ms)
				LogAssemblyErrors (0ms)
				InitializePlatformSupportModulesInManaged (4ms)
				SetLoadedEditorAssemblies (1ms)
				RefreshPlugins (1ms)
				BeforeProcessingInitializeOnLoad (67ms)
				ProcessInitializeOnLoadAttributes (202ms)
				ProcessInitializeOnLoadMethodAttributes (4ms)
				AfterProcessingInitializeOnLoad (5ms)
				EditorAssembliesLoaded (0ms)
			ExecutionOrderSort2 (0ms)
			AwakeInstancesAfterBackupRestoration (14ms)
Platform modules already initialized, skipping
Shader 'Universal Render Pipeline/Particles/Lit': fallback shader 'Universal Render Pipeline/Particles/SimpleLit' not found
Refreshing native plugins compatible for Editor in 0.52 ms, found 3 plugins.
Preloading 0 native plugins for Editor in 0.00 ms.
Unloading 3170 Unused Serialized files (Serialized files now loaded: 0)
System memory in use before: 142.9 MB.
System memory in use after: 143.0 MB.

Unloading 22 unused Assets to reduce memory usage. Loaded Objects now: 3957.
Total: 2.263100 ms (FindLiveObjects: 0.209000 ms CreateObjectMapping: 0.089400 ms MarkObjects: 1.847400 ms  DeleteObjects: 0.116700 ms)

AssetImportParameters requested are different than current active one (requested -> active):
  custom:framework-win-MediaFoundation: 216162199b28c13a410421893ffa2e32 -> 
  custom:video-decoder-ogg-theora: a1e56fd34408186e4bbccfd4996cb3dc -> 
  custom:container-muxer-webm: aa71ff27fc2769a1b78a27578f13a17b -> 
  custom:container-demuxer-webm: 4f35f7cbe854078d1ac9338744f61a02 -> 
  custom:container-demuxer-ogg: 62fdf1f143b41e24485cea50d1cbac27 -> 
  custom:video-encoder-webm-vp8: eb34c28f22e8b96e1ab97ce403110664 -> 
  custom:video-decoder-webm-vp8: 9c59270c3fd7afecdb556c50c9e8de78 -> 
  custom:audio-decoder-ogg-vorbis: bf7c407c2cedff20999df2af8eb42d56 -> 
  custom:audio-encoder-webm-vorbis: bf7c407c2cedff20999df2af8eb42d56 -> 
========================================================================
Received Import Request.
  Time since last request: 333.408768 seconds.
  path: Assets/Others/Tilemaps/Dummy Prefab Brush.asset
  artifactKey: Guid(358bb71ea263af8439c4582ffa5add91) Importer(815301076,1909f56bfc062723c751e8b465ee728b)
Start importing Assets/Others/Tilemaps/Dummy Prefab Brush.asset using Guid(358bb71ea263af8439c4582ffa5add91) Importer(815301076,1909f56bfc062723c751e8b465ee728b)  -> (artifact id: '6016d670b6a49bd37427a1d3d33f66c1') in 0.026793 seconds 
  Import took 0.031035 seconds .

========================================================================
Received Import Request.
  Time since last request: 0.000175 seconds.
  path: Assets/Others/Tilemaps/Cannon_right Prefab Brush.asset
  artifactKey: Guid(5cbabf43c306b804ab5790c2f42e3ff2) Importer(815301076,1909f56bfc062723c751e8b465ee728b)
Start importing Assets/Others/Tilemaps/Cannon_right Prefab Brush.asset using Guid(5cbabf43c306b804ab5790c2f42e3ff2) Importer(815301076,1909f56bfc062723c751e8b465ee728b)  -> (artifact id: '7f2acaa6e794b7bcaa1a74d2d83ec689') in 0.008618 seconds 
  Import took 0.013198 seconds .

========================================================================
Received Import Request.
  Time since last request: 0.000231 seconds.
  path: Assets/Others/Tilemaps/Cannon_left Prefab Brush.asset
  artifactKey: Guid(5ba173d820494b646ac2c50b5ae8bccf) Importer(815301076,1909f56bfc062723c751e8b465ee728b)
Start importing Assets/Others/Tilemaps/Cannon_left Prefab Brush.asset using Guid(5ba173d820494b646ac2c50b5ae8bccf) Importer(815301076,1909f56bfc062723c751e8b465ee728b)  -> (artifact id: '05920f7c04c6a2551b86d7338082e2e5') in 0.008436 seconds 
  Import took 0.012726 seconds .

========================================================================
Received Import Request.
  Time since last request: 0.000166 seconds.
  path: Assets/Others/Tilemaps/Cannon_right_n Prefab Brush.asset
  artifactKey: Guid(7eab22e94ae6301419dc61254b80212c) Importer(815301076,1909f56bfc062723c751e8b465ee728b)
Start importing Assets/Others/Tilemaps/Cannon_right_n Prefab Brush.asset using Guid(7eab22e94ae6301419dc61254b80212c) Importer(815301076,1909f56bfc062723c751e8b465ee728b)  -> (artifact id: 'e0cf59fc1991ebcade97cfc12a27e08b') in 0.006927 seconds 
  Import took 0.011268 seconds .

========================================================================
Received Import Request.
  Time since last request: 0.000183 seconds.
  path: Assets/Others/Tilemaps/Cannon_left_n Prefab Brush.asset
  artifactKey: Guid(09a095ba007ffbc46a7ca15645f06498) Importer(815301076,1909f56bfc062723c751e8b465ee728b)
Start importing Assets/Others/Tilemaps/Cannon_left_n Prefab Brush.asset using Guid(09a095ba007ffbc46a7ca15645f06498) Importer(815301076,1909f56bfc062723c751e8b465ee728b)  -> (artifact id: 'e13650ced9781e24005e9d0141c31511') in 0.006912 seconds 
  Import took 0.011229 seconds .

========================================================================
Received Import Request.
  Time since last request: 47.153142 seconds.
  path: Assets/Images/Effect/fedder_emission.png
  artifactKey: Guid(0c360d39cd6cc2b4ca49c664cffa78c6) Importer(815301076,1909f56bfc062723c751e8b465ee728b)
Start importing Assets/Images/Effect/fedder_emission.png using Guid(0c360d39cd6cc2b4ca49c664cffa78c6) Importer(815301076,1909f56bfc062723c751e8b465ee728b)  -> (artifact id: 'acb790a15a6dacd8f7fee7bcd99ec801') in 0.022228 seconds 
  Import took 0.026626 seconds .

AssetImportWorkerClient::OnTransportError - code=2 error=End of file
